[    0.000000] Initializing cgroup subsys cpuset
[    0.000000] Initializing cgroup subsys cpu
[    0.000000] Initializing cgroup subsys cpuacct
[    0.000000] Linux version 4.4.0-59-generic (buildd@lgw01-11) (gcc version 5.4.0 20160609 (Ubuntu 5.4.0-6ubuntu1~16.04.4) ) #80-Ubuntu SMP Fri Jan 6 17:47:47 UTC 2017 (Ubuntu 4.4.0-59.80-generic 4.4.35)
[    0.000000] Command line: BOOT_IMAGE=/boot/vmlinuz-4.4.0-59-generic root=LABEL=cloudimg-rootfs ro console=tty1 console=ttyS0
[    0.000000] KERNEL supported cpus:
[    0.000000]   Intel GenuineIntel
[    0.000000]   AMD AuthenticAMD
[    0.000000]   Centaur CentaurHauls
[    0.000000] x86/fpu: xstate_offset[2]:  576, xstate_sizes[2]:  256
[    0.000000] x86/fpu: Supporting XSAVE feature 0x01: 'x87 floating point registers'
[    0.000000] x86/fpu: Supporting XSAVE feature 0x02: 'SSE registers'
[    0.000000] x86/fpu: Supporting XSAVE feature 0x04: 'AVX registers'
[    0.000000] x86/fpu: Enabled xstate features 0x7, context size is 832 bytes, using 'standard' format.
[    0.000000] x86/fpu: Using 'lazy' FPU context switches.
[    0.000000] e820: BIOS-provided physical RAM map:
[    0.000000] BIOS-e820: [mem 0x0000000000000000-0x000000000009fbff] usable
[    0.000000] BIOS-e820: [mem 0x000000000009fc00-0x000000000009ffff] reserved
[    0.000000] BIOS-e820: [mem 0x00000000000f0000-0x00000000000fffff] reserved
[    0.000000] BIOS-e820: [mem 0x0000000000100000-0x000000003ffeffff] usable
[    0.000000] BIOS-e820: [mem 0x000000003fff0000-0x000000003fffffff] ACPI data
[    0.000000] BIOS-e820: [mem 0x00000000fec00000-0x00000000fec00fff] reserved
[    0.000000] BIOS-e820: [mem 0x00000000fee00000-0x00000000fee00fff] reserved
[    0.000000] BIOS-e820: [mem 0x00000000fffc0000-0x00000000ffffffff] reserved
[    0.000000] NX (Execute Disable) protection: active
[    0.000000] SMBIOS 2.5 present.
[    0.000000] Hypervisor detected: KVM
[    0.000000] e820: last_pfn = 0x3fff0 max_arch_pfn = 0x400000000
[    0.000000] MTRR: Disabled
[    0.000000] x86/PAT: MTRRs disabled, skipping PAT initialization too.
[    0.000000] x86/PAT: Configuration [0-7]: WB  WT  UC- UC  WB  WT  UC- UC  
[    0.000000] CPU MTRRs all blank - virtualized system.
[    0.000000] found SMP MP-table at [mem 0x0009fff0-0x0009ffff] mapped at [ffff88000009fff0]
[    0.000000] Scanning 1 areas for low memory corruption
[    0.000000] RAMDISK: [mem 0x36b76000-0x375b2fff]
[    0.000000] ACPI: Early table checksum verification disabled
[    0.000000] ACPI: RSDP 0x00000000000E0000 000024 (v02 VBOX  )
[    0.000000] ACPI: XSDT 0x000000003FFF0030 00003C (v01 VBOX   VBOXXSDT 00000001 ASL  00000061)
[    0.000000] ACPI: FACP 0x000000003FFF00F0 0000F4 (v04 VBOX   VBOXFACP 00000001 ASL  00000061)
[    0.000000] ACPI: DSDT 0x000000003FFF0470 00210F (v01 VBOX   VBOXBIOS 00000002 INTL 20100528)
[    0.000000] ACPI: FACS 0x000000003FFF0200 000040
[    0.000000] ACPI: FACS 0x000000003FFF0200 000040
[    0.000000] ACPI: APIC 0x000000003FFF0240 00005C (v02 VBOX   VBOXAPIC 00000001 ASL  00000061)
[    0.000000] ACPI: SSDT 0x000000003FFF02A0 0001CC (v01 VBOX   VBOXCPUT 00000002 INTL 20100528)
[    0.000000] No NUMA configuration found
[    0.000000] Faking a node at [mem 0x0000000000000000-0x000000003ffeffff]
[    0.000000] NODE_DATA(0) allocated [mem 0x3ffeb000-0x3ffeffff]
[    0.000000] kvm-clock: Using msrs 4b564d01 and 4b564d00
[    0.000000] kvm-clock: cpu 0, msr 0:3ffe3001, primary cpu clock
[    0.000000] kvm-clock: using sched offset of 3562693367 cycles
[    0.000000] clocksource: kvm-clock: mask: 0xffffffffffffffff max_cycles: 0x1cd42e4dffb, max_idle_ns: 881590591483 ns
[    0.000000] Zone ranges:
[    0.000000]   DMA      [mem 0x0000000000001000-0x0000000000ffffff]
[    0.000000]   DMA32    [mem 0x0000000001000000-0x000000003ffeffff]
[    0.000000]   Normal   empty
[    0.000000]   Device   empty
[    0.000000] Movable zone start for each node
[    0.000000] Early memory node ranges
[    0.000000]   node   0: [mem 0x0000000000001000-0x000000000009efff]
[    0.000000]   node   0: [mem 0x0000000000100000-0x000000003ffeffff]
[    0.000000] Initmem setup node 0 [mem 0x0000000000001000-0x000000003ffeffff]
[    0.000000] ACPI: PM-Timer IO Port: 0x4008
[    0.000000] IOAPIC[0]: apic_id 2, version 32, address 0xfec00000, GSI 0-23
[    0.000000] ACPI: INT_SRC_OVR (bus 0 bus_irq 0 global_irq 2 dfl dfl)
[    0.000000] ACPI: INT_SRC_OVR (bus 0 bus_irq 9 global_irq 9 high level)
[    0.000000] Using ACPI (MADT) for SMP configuration information
[    0.000000] smpboot: Allowing 2 CPUs, 0 hotplug CPUs
[    0.000000] PM: Registered nosave memory: [mem 0x00000000-0x00000fff]
[    0.000000] PM: Registered nosave memory: [mem 0x0009f000-0x0009ffff]
[    0.000000] PM: Registered nosave memory: [mem 0x000a0000-0x000effff]
[    0.000000] PM: Registered nosave memory: [mem 0x000f0000-0x000fffff]
[    0.000000] e820: [mem 0x40000000-0xfebfffff] available for PCI devices
[    0.000000] Booting paravirtualized kernel on KVM
[    0.000000] clocksource: refined-jiffies: mask: 0xffffffff max_cycles: 0xffffffff, max_idle_ns: 7645519600211568 ns
[    0.000000] setup_percpu: NR_CPUS:512 nr_cpumask_bits:512 nr_cpu_ids:2 nr_node_ids:1
[    0.000000] PERCPU: Embedded 33 pages/cpu @ffff88003fc00000 s98264 r8192 d28712 u1048576
[    0.000000] PV qspinlock hash table entries: 256 (order: 0, 4096 bytes)
[    0.000000] Built 1 zonelists in Node order, mobility grouping on.  Total pages: 257913
[    0.000000] Policy zone: DMA32
[    0.000000] Kernel command line: BOOT_IMAGE=/boot/vmlinuz-4.4.0-59-generic root=LABEL=cloudimg-rootfs ro console=tty1 console=ttyS0
[    0.000000] PID hash table entries: 4096 (order: 3, 32768 bytes)
[    0.000000] Memory: 1002096K/1048120K available (8436K kernel code, 1291K rwdata, 3960K rodata, 1488K init, 1316K bss, 46024K reserved, 0K cma-reserved)
[    0.000000] SLUB: HWalign=64, Order=0-3, MinObjects=0, CPUs=2, Nodes=1
[    0.000000] Hierarchical RCU implementation.
[    0.000000] 	Build-time adjustment of leaf fanout to 64.
[    0.000000] 	RCU restricting CPUs from NR_CPUS=512 to nr_cpu_ids=2.
[    0.000000] RCU: Adjusting geometry for rcu_fanout_leaf=64, nr_cpu_ids=2
[    0.000000] NR_IRQS:33024 nr_irqs:440 16
[    0.000000] Console: colour VGA+ 80x25
[    0.000000] console [tty1] enabled
[    0.000000] console [ttyS0] enabled
[    0.000000] tsc: Detected 2294.794 MHz processor
[    1.461990] Calibrating delay loop (skipped) preset value.. 4589.58 BogoMIPS (lpj=9179176)
[    1.463920] pid_max: default: 32768 minimum: 301
[    1.464973] ACPI: Core revision 20150930
[    1.467083] ACPI: 2 ACPI AML tables successfully acquired and loaded
[    1.470116] Security Framework initialized
[    1.526776] Yama: becoming mindful.
[    1.527905] AppArmor: AppArmor initialized
[    1.529261] Dentry cache hash table entries: 131072 (order: 8, 1048576 bytes)
[    1.531546] Inode-cache hash table entries: 65536 (order: 7, 524288 bytes)
[    1.554023] Mount-cache hash table entries: 2048 (order: 2, 16384 bytes)
[    1.564141] Mountpoint-cache hash table entries: 2048 (order: 2, 16384 bytes)
[    1.569329] Initializing cgroup subsys io
[    1.571516] Initializing cgroup subsys memory
[    1.572533] Initializing cgroup subsys devices
[    1.573584] Initializing cgroup subsys freezer
[    1.574608] Initializing cgroup subsys net_cls
[    1.575629] Initializing cgroup subsys perf_event
[    1.645041] Initializing cgroup subsys net_prio
[    1.646116] Initializing cgroup subsys hugetlb
[    1.647136] Initializing cgroup subsys pids
[    1.648863] CPU: Physical Processor ID: 0
[    1.720995] CPU: Processor Core ID: 0
[    1.734480] mce: CPU supports 0 MCE banks
[    1.794151] Last level iTLB entries: 4KB 512, 2MB 8, 4MB 8
[    1.826399] Last level dTLB entries: 4KB 512, 2MB 32, 4MB 32, 1GB 0
[    1.830137] Freeing SMP alternatives memory: 32K (ffffffff820b8000 - ffffffff820c0000)
[    1.884760] ftrace: allocating 32064 entries in 126 pages
[    2.022939] smpboot: APIC(0) Converting physical 0 to logical package 0
[    2.031270] smpboot: Max logical packages: 1
[    2.053638] x2apic enabled
[    2.072334] Switched APIC routing to physical x2apic.
[    2.074923] ..TIMER: vector=0x30 apic1=0 pin1=2 apic2=-1 pin2=-1
[    2.209504] smpboot: CPU0: Intel(R) Core(TM) i5-2410M CPU @ 2.3GHz (family: 0x6, model: 0x2a, stepping: 0x7)
[    2.371878] Performance Events: unsupported p6 CPU model 42 no PMU driver, software events only.
[    2.379556] KVM setup paravirtual spinlock
[    2.381285] x86: Booting SMP configuration:
[    2.383989] .... node  #0, CPUs:      #1
[    2.385031] kvm-clock: cpu 1, msr 0:3ffe3041, secondary cpu clock
[    2.393174] mce: CPU supports 0 MCE banks
[    2.396056] x86: Booted up 1 node, 2 CPUs
[    2.400817] smpboot: Total of 2 processors activated (9179.17 BogoMIPS)
[    2.404115] devtmpfs: initialized
[    2.406877] evm: security.selinux
[    2.447559] evm: security.SMACK64
[    2.509232] evm: security.SMACK64EXEC
[    2.545542] evm: security.SMACK64TRANSMUTE
[    2.554837] evm: security.SMACK64MMAP
[    2.587336] evm: security.ima
[    2.588113] evm: security.capability
[    2.589245] clocksource: jiffies: mask: 0xffffffff max_cycles: 0xffffffff, max_idle_ns: 7645041785100000 ns
[    2.666442] pinctrl core: initialized pinctrl subsystem
[    2.711995] RTC time:  5:32:09, date: 02/04/17
[    2.783767] NET: Registered protocol family 16
[    2.818501] cpuidle: using governor ladder
[    2.862882] cpuidle: using governor menu
[    2.920222] PCCT header not found.
[    2.930661] ACPI: bus type PCI registered
[    2.963382] acpiphp: ACPI Hot Plug PCI Controller Driver version: 0.5
[    3.005545] PCI: Using configuration type 1 for base access
[    3.019222] ACPI: Added _OSI(Module Device)
[    3.037930] ACPI: Added _OSI(Processor Device)
[    3.039251] ACPI: Added _OSI(3.0 _SCP Extensions)
[    3.040606] ACPI: Added _OSI(Processor Aggregator Device)
[    3.043106] ACPI: Executed 1 blocks of module-level executable AML code
[    3.054661] ACPI: Interpreter enabled
[    3.077839] ACPI: (supports S0 S5)
[    3.078918] ACPI: Using IOAPIC for interrupt routing
[    3.096004] PCI: Using host bridge windows from ACPI; if necessary, use "pci=nocrs" and report a bug
[    3.119092] ACPI: PCI Root Bridge [PCI0] (domain 0000 [bus 00-ff])
[    3.132404] acpi PNP0A03:00: _OSC: OS supports [ASPM ClockPM Segments MSI]
[    3.133846] acpi PNP0A03:00: _OSC failed (AE_NOT_FOUND); disabling ASPM
[    3.135253] acpi PNP0A03:00: fail to add MMCONFIG information, can't access extended PCI configuration space under this bridge.
[    3.138021] PCI host bridge to bus 0000:00
[    3.138993] pci_bus 0000:00: root bus resource [io  0x0000-0x0cf7 window]
[    3.140379] pci_bus 0000:00: root bus resource [io  0x0d00-0xffff window]
[    3.141788] pci_bus 0000:00: root bus resource [mem 0x000a0000-0x000bffff window]
[    3.143607] pci_bus 0000:00: root bus resource [mem 0x40000000-0xffdfffff window]
[    3.148539] pci_bus 0000:00: root bus resource [bus 00-ff]
[    3.151869] pci 0000:00:01.1: legacy IDE quirk: reg 0x10: [io  0x01f0-0x01f7]
[    3.155139] pci 0000:00:01.1: legacy IDE quirk: reg 0x14: [io  0x03f6]
[    3.156492] pci 0000:00:01.1: legacy IDE quirk: reg 0x18: [io  0x0170-0x0177]
[    3.157982] pci 0000:00:01.1: legacy IDE quirk: reg 0x1c: [io  0x0376]
[    3.179425] pci 0000:00:07.0: quirk: [io  0x4000-0x403f] claimed by PIIX4 ACPI
[    3.275369] pci 0000:00:07.0: quirk: [io  0x4100-0x410f] claimed by PIIX4 SMB
[    3.290114] ACPI: PCI Interrupt Link [LNKA] (IRQs 5 9 10 *11)
[    3.329330] ACPI: PCI Interrupt Link [LNKB] (IRQs 5 9 10 *11)
[    3.347145] ACPI: PCI Interrupt Link [LNKC] (IRQs 5 9 *10 11)
[    3.437990] ACPI: PCI Interrupt Link [LNKD] (IRQs 5 *9 10 11)
[    3.539864] ACPI: Enabled 2 GPEs in block 00 to 07
[    3.543555] vgaarb: setting as boot device: PCI:0000:00:02.0
[    3.552995] vgaarb: device added: PCI:0000:00:02.0,decodes=io+mem,owns=io+mem,locks=none
[    3.554898] vgaarb: loaded
[    3.555680] vgaarb: bridge control possible 0000:00:02.0
[    3.562745] SCSI subsystem initialized
[    3.563868] ACPI: bus type USB registered
[    3.581071] usbcore: registered new interface driver usbfs
[    3.651274] usbcore: registered new interface driver hub
[    3.663465] usbcore: registered new device driver usb
[    3.664855] PCI: Using ACPI for IRQ routing
[    3.666186] NetLabel: Initializing
[    3.725948] NetLabel:  domain hash size = 128
[    3.807544] NetLabel:  protocols = UNLABELED CIPSOv4
[    3.916201] NetLabel:  unlabeled traffic allowed by default
[    4.011419] amd_nb: Cannot enumerate AMD northbridges
[    4.104806] clocksource: Switched to clocksource kvm-clock
[    4.121035] AppArmor: AppArmor Filesystem Enabled
[    4.154901] pnp: PnP ACPI init
[    4.157291] pnp: PnP ACPI: found 3 devices
[    4.188896] clocksource: acpi_pm: mask: 0xffffff max_cycles: 0xffffff, max_idle_ns: 2085701024 ns
[    4.375049] NET: Registered protocol family 2
[    4.376247] TCP established hash table entries: 8192 (order: 4, 65536 bytes)
[    4.381327] TCP bind hash table entries: 8192 (order: 5, 131072 bytes)
[    4.419220] TCP: Hash tables configured (established 8192 bind 8192)
[    4.420558] UDP hash table entries: 512 (order: 2, 16384 bytes)
[    4.421858] UDP-Lite hash table entries: 512 (order: 2, 16384 bytes)
[    4.423244] NET: Registered protocol family 1
[    4.424270] pci 0000:00:00.0: Limiting direct PCI/PCI transfers
[    4.425775] pci 0000:00:01.0: Activating ISA DMA hang workarounds
[    4.428321] Trying to unpack rootfs image as initramfs...
[    6.471937] Freeing initrd memory: 10484K (ffff880036b76000 - ffff8800375b3000)
[    6.510895] RAPL PMU detected, API unit is 2^-32 Joules, 3 fixed counters 10737418240 ms ovfl timer
[    6.558793] hw unit of domain pp0-core 2^-0 Joules
[    6.569199] hw unit of domain package 2^-0 Joules
[    6.573201] hw unit of domain pp1-gpu 2^-0 Joules
[    6.617308] platform rtc_cmos: registered platform RTC device (no PNP device found)
[    6.619125] Scanning for low memory corruption every 60 seconds
[    6.620850] futex hash table entries: 512 (order: 3, 32768 bytes)
[    6.709042] audit: initializing netlink subsys (disabled)
[    6.779612] audit: type=2000 audit(1486186334.593:1): initialized
[    6.781229] Initialise system trusted keyring
[    6.782549] HugeTLB registered 2 MB page size, pre-allocated 0 pages
[    6.785383] zbud: loaded
[    6.786379] VFS: Disk quotas dquot_6.6.0
[    6.787389] VFS: Dquot-cache hash table entries: 512 (order 0, 4096 bytes)
[    6.789050] squashfs: version 4.0 (2009/01/31) Phillip Lougher
[    6.790716] fuse init (API version 7.23)
[    6.791808] Key type big_key registered
[    6.792747] Allocating IMA MOK and blacklist keyrings.
[    6.795493] Key type asymmetric registered
[    6.847363] Asymmetric key parser 'x509' registered
[    6.848564] Block layer SCSI generic (bsg) driver version 0.4 loaded (major 249)
[    6.850487] io scheduler noop registered
[    6.851438] io scheduler deadline registered (default)
[    6.853977] io scheduler cfq registered
[    6.854988] pci_hotplug: PCI Hot Plug PCI Core version: 0.5
[    6.861859] pciehp: PCI Express Hot Plug Controller Driver version: 0.4
[    6.880939] ACPI: AC Adapter [AC] (on-line)
[    6.881973] input: Power Button as /devices/LNXSYSTM:00/LNXPWRBN:00/input/input0
[    6.883708] ACPI: Power Button [PWRF]
[    6.886248] input: Sleep Button as /devices/LNXSYSTM:00/LNXSLPBN:00/input/input1
[    6.887998] ACPI: Sleep Button [SLPF]
[    6.889934] ACPI: Battery Slot [BAT0] (battery present)
[    6.893112] GHES: HEST is not enabled!
[    6.894257] Serial: 8250/16550 driver, 32 ports, IRQ sharing enabled
[    6.920153] 00:02: ttyS0 at I/O 0x3f8 (irq = 4, base_baud = 115200) is a 16550A
[    6.932706] Linux agpgart interface v0.103
[    6.964160] brd: module loaded
[    6.973771] loop: module loaded
[    6.976863] scsi host0: ata_piix
[    6.977818] scsi host1: ata_piix
[    6.978749] ata1: PATA max UDMA/33 cmd 0x1f0 ctl 0x3f6 bmdma 0xd000 irq 14
[    6.984736] ata2: PATA max UDMA/33 cmd 0x170 ctl 0x376 bmdma 0xd008 irq 15
[    6.986329] libphy: Fixed MDIO Bus: probed
[    7.029880] tun: Universal TUN/TAP device driver, 1.6
[    7.085993] tun: (C) 1999-2004 Max Krasnyansky <maxk@qualcomm.com>
[    7.087372] PPP generic driver version 2.4.2
[    7.088729] ehci_hcd: USB 2.0 'Enhanced' Host Controller (EHCI) Driver
[    7.095494] ehci-pci: EHCI PCI platform driver
[    7.111725] ehci-platform: EHCI generic platform driver
[    7.116626] ohci_hcd: USB 1.1 'Open' Host Controller (OHCI) Driver
[    7.117995] ohci-pci: OHCI PCI platform driver
[    7.119013] ohci-platform: OHCI generic platform driver
[    7.120196] uhci_hcd: USB Universal Host Controller Interface driver
[    7.121682] i8042: PNP: PS/2 Controller [PNP0303:PS2K,PNP0f03:PS2M] at 0x60,0x64 irq 1,12
[    7.125982] serio: i8042 KBD port at 0x60,0x64 irq 1
[    7.128436] serio: i8042 AUX port at 0x60,0x64 irq 12
[    7.129992] mousedev: PS/2 mouse device common for all mice
[    7.153543] rtc_cmos rtc_cmos: rtc core: registered rtc_cmos as rtc0
[    7.180287] rtc_cmos rtc_cmos: alarms up to one day, 114 bytes nvram
[    7.183367] input: AT Translated Set 2 keyboard as /devices/platform/i8042/serio0/input/input2
[    7.185347] i2c /dev entries driver
[    7.186413] device-mapper: uevent: version 1.0.3
[    7.187533] device-mapper: ioctl: 4.34.0-ioctl (2015-10-28) initialised: dm-devel@redhat.com
[    7.189454] ledtrig-cpu: registered to indicate activity on CPUs
[    7.191365] NET: Registered protocol family 10
[    7.192710] NET: Registered protocol family 17
[    7.198620] Key type dns_resolver registered
[    7.199787] microcode: CPU0 sig=0x206a7, pf=0x10, revision=0x0
[    7.201410] microcode: CPU1 sig=0x206a7, pf=0x10, revision=0x0
[    7.205300] microcode: Microcode Update Driver: v2.01 <tigran@aivazian.fsnet.co.uk>, Peter Oruba
[    7.207448] registered taskstats version 1
[    7.208440] Loading compiled-in X.509 certificates
[    7.210438] Loaded X.509 cert 'Build time autogenerated kernel key: 6ffa6bfaa152a74cd2b6aa1e188cb999d8f5632b'
[    7.212586] zswap: loaded using pool lzo/zbud
[    7.215741] Key type trusted registered
[    7.266380] Key type encrypted registered
[    7.288760] AppArmor: AppArmor sha1 policy hashing enabled
[    7.290029] ima: No TPM chip found, activating TPM-bypass!
[    7.291264] evm: HMAC attrs: 0x1
[    7.292536]   Magic number: 5:280:516
[    7.297784] rtc_cmos rtc_cmos: setting system clock to 2017-02-04 05:32:13 UTC (1486186333)
[    7.299789] BIOS EDD facility v0.16 2004-Jun-25, 0 devices found
[    7.301070] EDD information not available.
[    7.303809] Freeing unused kernel memory: 1488K (ffffffff81f44000 - ffffffff820b8000)
[    7.307280] Write protecting the kernel read-only data: 14336k
[    7.309085] Freeing unused kernel memory: 1792K (ffff880001840000 - ffff880001a00000)
[    7.312568] Freeing unused kernel memory: 136K (ffff880001dde000 - ffff880001e00000)
Loading, please wait...
starting version[    7.337530] random: systemd-udevd: uninitialized urandom read (16 bytes read, 2 bits of entropy available)
 229
[    7.338532] random: udevadm: uninitialized urandom read (16 bytes read, 2 bits of entropy available)
[    7.338590] random: udevadm: uninitialized urandom read (16 bytes read, 2 bits of entropy available)
[    7.338813] random: udevadm: uninitialized urandom read (16 bytes read, 2 bits of entropy available)
[    7.338902] random: udevadm: uninitialized urandom read (16 bytes read, 2 bits of entropy available)
[    7.338974] random: udevadm: uninitialized urandom read (16 bytes read, 2 bits of entropy available)
[    7.339046] random: udevadm: uninitialized urandom read (16 bytes read, 2 bits of entropy available)
[    7.339116] random: udevadm: uninitialized urandom read (16 bytes read, 2 bits of entropy available)
[    7.339187] random: udevadm: uninitialized urandom read (16 bytes read, 2 bits of entropy available)
[    7.339255] random: udevadm: uninitialized urandom read (16 bytes read, 2 bits of entropy available)
[    7.412291] Fusion MPT base driver 3.04.20
[    7.425831] Copyright (c) 1999-2008 LSI Corporation
[    7.430523] e1000: Intel(R) PRO/1000 Network Driver - version 7.3.21-k8-NAPI
[    7.434339] e1000: Copyright (c) 1999-2006 Intel Corporation.
[    7.447718] Fusion MPT SPI Host driver 3.04.20
[    7.480141] AVX version of gcm_enc/dec engaged.
[    7.510720] AES CTR mode by8 optimization enabled
[    7.620860] tsc: Refined TSC clocksource calibration: 2294.451 MHz
[    7.633183] clocksource: tsc: mask: 0xffffffffffffffff max_cycles: 0x2112bb1ff6d, max_idle_ns: 440795217991 ns
[    7.676522] input: ImExPS/2 Generic Explorer Mouse as /devices/platform/i8042/serio1/input/input4
[    7.862228] e1000 0000:00:03.0 eth0: (PCI:33MHz:32-bit) 02:29:99:d5:6c:03
[    7.900658] e1000 0000:00:03.0 eth0: Intel(R) PRO/1000 Network Connection
[    8.290665] e1000 0000:00:08.0 eth1: (PCI:33MHz:32-bit) 08:00:27:8d:5e:39
[    8.420607] e1000 0000:00:08.0 eth1: Intel(R) PRO/1000 Network Connection
[    8.423679] mptbase: ioc0: Initiating bringup
[    8.424736] e1000 0000:00:03.0 enp0s3: renamed from eth0
[    8.449760] e1000 0000:00:08.0 enp0s8: renamed from eth1
[    8.522056] ioc0: LSI53C1030 A0: Capabilities={Initiator}
[    8.742907] scsi host2: ioc0: LSI53C1030 A0, FwRev=00000000h, Ports=1, MaxQ=256, IRQ=20
[    9.101392] scsi 2:0:0:0: Direct-Access     VBOX     HARDDISK         1.0  PQ: 0 ANSI: 5
[    9.185308] scsi target2:0:0: Beginning Domain Validation
[    9.225494] scsi target2:0:0: Domain Validation skipping write tests
[    9.236361] scsi target2:0:0: Ending Domain Validation
[    9.244801] scsi target2:0:0: asynchronous
[    9.254387] scsi 2:0:1:0: Direct-Access     VBOX     HARDDISK         1.0  PQ: 0 ANSI: 5
[    9.258807] scsi target2:0:1: Beginning Domain Validation
[    9.290735] scsi target2:0:1: Domain Validation skipping write tests
[    9.296249] scsi target2:0:1: Ending Domain Validation
[    9.300839] scsi target2:0:1: asynchronous
[    9.308778] sd 2:0:0:0: Attached scsi generic sg0 type 0
[    9.317152] sd 2:0:0:0: [sda] 20971520 512-byte logical blocks: (10.7 GB/10.0 GiB)
[    9.317291] sd 2:0:1:0: Attached scsi generic sg1 type 0
[    9.317442] sd 2:0:1:0: [sdb] 20480 512-byte logical blocks: (10.5 MB/10.0 MiB)
[    9.317585] sd 2:0:1:0: [sdb] Write Protect is off
[    9.317681] sd 2:0:1:0: [sdb] Incomplete mode parameter data
[    9.317683] sd 2:0:1:0: [sdb] Assuming drive cache: write through
[    9.342155] sd 2:0:0:0: [sda] Write Protect is off
[    9.344889] sd 2:0:0:0: [sda] Incomplete mode parameter data
[    9.346503] sd 2:0:0:0: [sda] Assuming drive cache: write through
[    9.351436]  sda: sda1
[    9.355031] sd 2:0:0:0: [sda] Attached SCSI disk
[    9.362973] sd 2:0:1:0: [sdb] Attached SCSI disk
[   10.438311] floppy0: no floppy controllers found
Begin: Loading essential drivers[   11.931688] md: linear personality registered for level -1
 ... [   12.005951] md: multipath personality registered for level -4
[   12.022928] md: raid0 personality registered for level 0
[   12.036223] md: raid1 personality registered for level 1
[   12.141296] raid6: sse2x1   gen()  5684 MB/s
[   12.216825] raid6: sse2x1   xor()  5351 MB/s
[   12.289660] raid6: sse2x2   gen()  9145 MB/s
[   12.400984] raid6: sse2x2   xor()  6257 MB/s
[   12.533330] raid6: sse2x4   gen() 10431 MB/s
[   12.660829] raid6: sse2x4   xor()  7616 MB/s
[   12.668270] raid6: using algorithm sse2x4 gen() 10431 MB/s
[   12.671390] raid6: .... xor() 7616 MB/s, rmw enabled
[   12.672495] raid6: using ssse3x2 recovery algorithm
[   12.675505] xor: automatically using best checksumming function:
[   12.749622]    avx       : 14221.000 MB/sec
[   12.758604] async_tx: api initialized (async)
[   12.779099] md: raid6 personality registered for level 6
[   12.781961] md: raid5 personality registered for level 5
[   12.784426] md: raid4 personality registered for level 4
[   12.795720] md: raid10 personality registered for level 10
done.
Begin: Running /scripts/init-premount ... done.
Begin: Mounting root file system ... Begin: Running /scripts/local-top ... done.
Begin: Running /scripts/local-premount ... [   12.847921] Btrfs loaded
Scanning for Btrfs filesystems
done.
Warning: fsck not present, so skipping root file system
[   13.028468] EXT4-fs (sda1): mounted filesystem with ordered data mode. Opts: (null)
done.
Begin: Running /scripts/local-bottom ... done.
Begin: Running /scripts/init-bottom ... done.
[   14.219904] random: nonblocking pool is initialized
[   14.395569] systemd[1]: systemd 229 running in system mode. (+PAM +AUDIT +SELINUX +IMA +APPARMOR +SMACK +SYSVINIT +UTMP +LIBCRYPTSETUP +GCRYPT +GNUTLS +ACL +XZ -LZ4 +SECCOMP +BLKID +ELFUTILS +KMOD -IDN)
[   14.636611] systemd[1]: Detected virtualization oracle.
[   14.644540] systemd[1]: Detected architecture x86-64.

Welcome to [1mUbuntu 16.04.1 LTS[0m!

[   14.881414] systemd[1]: Set hostname to <ubuntu>.
[   15.027156] systemd[1]: Initializing machine ID from random generator.
[   15.206245] systemd[1]: Installed transient /etc/machine-id file.
[   16.307818] systemd[1]: Set up automount Arbitrary Executable File Formats File System Automount Point.
[[0;32m  OK  [0m] Set up automount Arbitrary Executab...ats File System Automount Point.
[   16.389578] systemd[1]: Listening on udev Kernel Socket.
[[0;32m  OK  [0m] Listening on udev Kernel Socket.
[   16.473896] systemd[1]: Listening on LVM2 poll daemon socket.
[[0;32m  OK  [0m] Listening on LVM2 poll daemon socket.
[   16.552235] systemd[1]: Listening on LVM2 metadata daemon socket.
[[0;32m  OK  [0m] Listening on LVM2 metadata daemon socket.
[   16.571481] systemd[1]: Listening on Journal Audit Socket.
[[0;32m  OK  [0m] Listening on Journal Audit Socket.
[   16.574380] systemd[1]: Listening on Device-mapper event daemon FIFOs.
[[0;32m  OK  [0m] Listening on Device-mapper event daemon FIFOs.
[   16.646492] systemd[1]: Started Forward Password Requests to Wall Directory Watch.
[[0;32m  OK  [0m] Started Forward Password Requests to Wall Directory Watch.
[   16.684163] systemd[1]: Created slice User and Session Slice.
[[0;32m  OK  [0m] Created slice User and Session Slice.
[   16.750542] systemd[1]: Listening on /dev/initctl Compatibility Named Pipe.
[[0;32m  OK  [0m] Listening on /dev/initctl Compatibility Named Pipe.
[   17.025658] systemd[1]: Reached target Encrypted Volumes.
[[0;32m  OK  [0m] Reached target Encrypted Volumes.
[   17.122362] systemd[1]: Created slice System Slice.
[[0;32m  OK  [0m] Created slice System Slice.
[   17.125851] systemd[1]: Created slice system-serial\x2dgetty.slice.
[[0;32m  OK  [0m] Created slice system-serial\x2dgetty.slice.
[   17.134947] systemd[1]: Listening on Syslog Socket.
[[0;32m  OK  [0m] Listening on Syslog Socket.
[   17.169291] systemd[1]: Reached target User and Group Name Lookups.
[[0;32m  OK  [0m] Reached target User and Group Name Lookups.
[   17.209131] systemd[1]: Listening on Journal Socket.
[[0;32m  OK  [0m] Listening on Journal Socket.
[   17.245004] systemd[1]: Starting Set console keymap...
         Starting Set console keymap...
[   17.315355] systemd[1]: Mounting POSIX Message Queue File System...
         Mounting POSIX Message Queue File System...
[   17.368947] systemd[1]: Mounting Huge Pages File System...
         Mounting Huge Pages File System...
[   17.489032] systemd[1]: Starting Monitoring of LVM2 mirrors, snapshots etc. using dmeventd or progress polling...
         Starting Monitoring of LVM2 mirrors... dmeventd or progress polling...
[   17.759218] systemd[1]: Starting Uncomplicated firewall...
         Starting Uncomplicated firewall...
[   17.889535] systemd[1]: Mounting Debug File System...
         Mounting Debug File System...
[   17.902366] systemd[1]: Starting Nameserver information manager...
         Starting Nameserver information manager...
[   18.106113] systemd[1]: Starting Remount Root and Kernel File Systems...
         Starting Remount Root and Kernel File Systems...
[   18.182986] systemd[1]: Starting Create list of required static device nodes for the current kernel...
[   18.183501] EXT4-fs (sda1): re-mounted. Opts: (null)
         Starting Create list of required st... nodes for the current kernel...
[   18.290089] systemd[1]: Starting Load Kernel Modules...
         Starting Load Kernel Modules...
[   18.397313] systemd[1]: Listening on Journal Socket (/dev/log).
[[0;32m  OK  [0m] Listening on Journal Socket (/dev/log).
[   18.554925] systemd[1]: Starting Journal Service...
         Starting Journal Service...
[   18.657292] systemd[1]: Reached target Slices.
[[0;32m  OK  [0m] Reached target Slices.
[   18.686093] systemd[1]: Reached target Swap.
[[   18.703555] Loading iSCSI transport class v2.0-870.
[0;32m  OK  [0m] Reached target Swap.
[   18.752155] systemd[1]: Listening on udev Control Socket.
[[0;32m  OK  [0m] Listening on udev Control Socket.
[   18.770260] iscsi: registered transport (tcp)
[   18.830057] systemd[1]: Mounted POSIX Message Queue File System.
[[0;32m  OK  [0m] Mounted POSIX Message Queue File System.
[   18.967617] systemd[1]: Mounted Huge Pages File System.
[[0;32m  OK  [0m] Mounted Huge Pages File System.
[   18.978179] systemd[1]: Mounted Debug File System.
[[0;32m  OK  [0m] Mounted Debug File System.
[   18.985462] systemd[1]: Started Set console keymap.
[[0;32m  OK  [0m] Started Set console keymap.
[   19.090376] systemd[1]: Started Uncomplicated firewall.
[[0;32m  OK  [0m] Started Uncomplicated firewall.
[   19.114032] systemd[1]: Started Remount Root and Kernel File Systems.
[[0;32m  OK  [0m] Started Remount Root and Kernel File Systems.
[   19.201611] systemd[1]: Started Create list of required static device nodes for the current kernel.
[[0;32m  OK  [0m] Started Create list of required sta...ce nodes f[   19.249298] iscsi: registered transport (iser)
or the current kernel.
[   19.265965] systemd[1]: Started Load Kernel Modules.
[[0;32m  OK  [0m] Started Load Kernel Modules.
[   19.289953] systemd[1]: Started Nameserver information manager.
[[0;32m  OK  [0m] Started Nameserver information manager.
[   19.351358] systemd[1]: Started Journal Service.
[[0;32m  OK  [0m] Started Journal Service.
[[0;32m  OK  [0m] Started LVM2 metadata daemon.
         Mounting FUSE Control File System...
         Starting Apply Kernel Variables...
         Starting Create Static Device Nodes in /dev...
         Starting udev Coldplug all Devices...
         Starting Initial cloud-init job (pre-networking)...
         Starting Flush Journal to Persistent Storage...
         Starting Load/Save Random Seed...
[[0;32m  OK  [0m] Mounted FUSE Control File System.
[[0;32m  OK  [0m] Started Apply Kernel Variables.
[[0;32m  OK  [0m] Started Load/Save Random Seed.
[[0;32m  OK  [0m] Started udev Coldplug all Devices.
[[0;32m  OK  [0m] Started Flush Journal to Persistent Storage.
[[0;32m  OK  [0m] Started Create Static Device Nodes in /dev.
[[0;32m  OK  [0m] Started Monitoring of LVM2 mirrors,...ng dmeventd or progress polling.
         Starting udev Kernel Device Manager...
[[0;32m  OK  [0m] Started udev Kernel Device Manager.
[[0;32m  OK  [0m] Reached target Local File Systems (Pre).
[[0;32m  OK  [0m] Reached target Local File Systems.
         Starting Commit a transient machine-id on disk...
         Starting Tell Plymouth To Write Out Runtime Data...
         Starting LSB: AppArmor initialization...
         Starting Set console font and keymap...
         Starting Create Volatile Files and Directories...
[[0;32m  OK  [0m] Started Dispatch Password Requests to Console Directory Watch.
[[0;32m  OK  [0m] Started Commit a transient machine-id on disk.
[[0;32m  OK  [0m] Started Create Volatile Files and Directories.
[[0;32m  OK  [0m] Reached target System Time Synchronized.
         Starting Update UTMP about System Boot/Shutdown...
[[0;32m  OK  [0m] Started Tell Plymouth To Write Out Runtime Data.
[[0;32m  OK  [0m] Found device /dev/ttyS0.
[[0;32m  OK  [0m] Started Update UTMP about System Boot/Shutdown.
[[0;32m  OK  [0m] Listening on Load/Save RF Kill Switch Status /dev/rfkill Watch.
[[0;32m  OK  [0m] Started LSB: AppArmor initialization.
[[0;32m  OK  [0m] Started Set console font and keymap.
[[0;32m  OK  [0m] Created slice system-getty.slice.
[   24.464055] cloud-init[471]: Cloud-init v. 0.7.8 running 'init-local' at Sat, 04 Feb 2017 05:32:33 +0000. Up 23.64 seconds.
[[0;32m  OK  [0m] Started Initial cloud-init job (pre-networking).
[[0;32m  OK  [0m] Reached target Network (Pre).
         Starting Raise network interfaces...
[[0;32m  OK  [0m] Started Raise network interfaces.
         Starting Initial cloud-init job (metadata service crawler)...
[[0;32m  OK  [0m] Reached target Network.
[   28.126152] cloud-init[1065]: Cloud-init v. 0.7.8 running 'init' at Sat, 04 Feb 2017 05:32:35 +0000. Up 25.61 seconds.
[   28.237539] [cloud-init[0;32m  OK  [0m[1065]: ] ci-info: ++++++++++++++++++++++++++++++++++++++Net device info++++++++++++++++++++++++++++++++++++++Started Initial cloud-init job (metadata service crawler).

[   28.239193] cloud-init[1065]: ci-info: +--------+-------+----------------------------+---------------+-------+-------------------+
[   28.605445] [cloud-init[0;32m  OK  [0m[1065]: ] ci-info: | Device |   Up  |          Address           |      Mask     | Scope |     Hw-Address    |Reached target Cloud-config availability.

[   28.607754] [cloud-init[0;32m  OK  [0m[1065]: ] ci-info: +--------+-------+----------------------------+---------------+-------+-------------------+Reached target System Initialization.

[   28.687186]          cloud-initStarting Socket activation for snappy daemon.[1065]: 
ci-info: | enp0s8 | False |             .              |       .       |   .   | 08:00:27:8d:5e:39 |
[   28.700667] [cloud-init[0;32m  OK  [0m[1065]: ] ci-info: |   lo   |  True |         127.0.0.1          |   255.0.0.0   |   .   |         .         |Started Daily Cleanup of Temporary Directories.

[   28.726146] cloud-init[1065]: ci-info: |   lo   |  True |          ::1/128           |       .       |  host |         .         |
[   28.730752] cloud-init[1065]: ci-info: | enp0s3 |  True |         10.0.2.15          | 255.255.255.0 |   .   | 02:29:99:d5:6c:03 |
[   28.740998] cloud-init[1065]: ci-info: | enp0s3 |  True | fe80::29:99ff:fed5:6c03/64 |       .       |  link | 02:29:99:d5:6c:03 |
[   28.744885] cloud-init[1065]: ci-info: +--------+-------+----------------------------+---------------+-------+-------------------+
[   28.753106] cloud-init[1065]: ci-info: +++++++++++++++++++++++++++Route IPv4 info++++++++++++++++++++++++++++
[   28.780578]          cloud-initStarting LXD - unix socket.[1065]: 
ci-info: +-------+-------------+----------+---------------+-----------+-------+
[   28.957339] [cloud-init[0;32m  OK  [0m[1065]: ] ci-info: | Route | Destination | Gateway  |    Genmask    | Interface | Flags |Started Timer to automatically refresh installed snaps.

[   28.959574] [[0;32m  OK  [0m] Listening on D-Bus System Message Bus Socket.
cloud-init[1065]: ci-info: +-------+-------------+----------+---------------+-----------+-------+
[   29.288922] [cloud-init[0;32m  OK  [0m[1065]: ] ci-info: |   0   |   0.0.0.0   | 10.0.2.2 |    0.0.0.0    |   enp0s3  |   UG  |Started ACPI Events Check.

[   29.291277] [cloud-init[0;32m  OK  [0m[1065]: ] ci-info: |   1   |   10.0.2.0  | 0.0.0.0  | 255.255.255.0 |   enp0s3  |   U   |Started Trigger resolvconf update for networkd DNS.

[   29.665333] [cloud-init[0;32m  OK  [0m[1065]: ] ci-info: +-------+-------------+----------+---------------+-----------+-------+Reached target Paths.

[   29.760747] [[0;32m  OK  [0m] Listening on UUID daemon activation socket.
cloud-init[1065]: Generating public/private rsa key pair.
[[0;32m  OK  [0m] Started Daily apt activities.
[   29.764626] [cloud-init[0;32m  OK  [0m[1065]: ] Your identification has been saved in /etc/ssh/ssh_host_rsa_key.Reached target Timers.

[   29.822902] [cloud-init[0;32m  OK  [0m[1065]: ] Your public key has been saved in /etc/ssh/ssh_host_rsa_key.pub.Listening on ACPID Listen Socket.

[   29.967191] [cloud-init[0;32m  OK  [0m[1065]: ] The key fingerprint is:Reached target Network is Online.

[   30.108026] cloud-init[1065]: SHA256:dmKtxUmR9gpyxA2roeCGhx+YQpPtBm3woxovSqIMq6c root@ubuntu-xenial
[   30.209218] cloud-init[1065]: The key's randomart image is:
[   30.258648]          cloud-initStarting iSCSI initiator daemon (iscsid)...[1065]: 
+---[RSA 2048]----+
[   30.365588] [cloud-init[0;32m  OK  [0m[1065]: ] | .     ..o..     |Listening on Socket activation for snappy daemon.

[   30.367783] [[0;32m  OK  [0m] Listening on LXD - unix socket.
cloud-init[1065]: |  *     o.+.     |
[   30.506296] cloud-init[1065]: | =.*  ......     |
[   30.537532] cloud-init[1065]: |.**....oo+ ..    |
[[0;32m  OK  [0m] Reached target Sockets.
[[0;32m  OK  [0m] Reached target Basic System.
[   30.572854] cloud-init[1065]: |B.=o. .oS.*.     |
[   30.612378] cloud-init[1065]: |o*..   o =.      |
[   30.625009] cloud-init[1065]: |=.o     .        |
[[0;32m  OK  [0m] Started Deferred execution scheduler.
[   30.636791] cloud-init[1065]: |Bo.              |
[   30.676515] cloud-init[1065]: |E+               |
[   30.698849] cloud-init[1065]: +----[SHA256]-----+
         Starting /etc/rc.local Compatibility...
[   30.720535] cloud-init[1065]: Generating public/private dsa key pair.
[   30.763109] cloud-init[1065]: Your identification has been saved in /etc/ssh/ssh_host_dsa_key.
[   30.812547]          cloud-initStarting LSB: Record successful boot for GRUB...[1065]: 
Your public key has been saved in /etc/ssh/ssh_host_dsa_key.pub.
[   30.852209]          cloud-initStarting Accounts Service...[1065]: 
The key fingerprint is:
[   30.855890] cloud-init[1065]: SHA256:1CEDIJTD80cR84oRSgeHTI3EivYjlSnfNBUXh3EbWsY root@ubuntu-xenial
[   30.889054] [cloud-init[0;32m  OK  [0m[1065]: ] The key's randomart image is:Started Regular background program processing daemon.

[   30.889867] cloud-init[1065]: +---[DSA 1024]----+
[   30.928005] cloud-init[1065]: | BB*=.==++**     |
         Starting Login Service...
[   30.931783] cloud-init[1065]: | .X=...+.=*Eo    |
[   30.968835]          cloud-initStarting LSB: MD monitoring daemon...[1065]: 
|...++.. o...     |
[   30.972116] cloud-init[1065]: |oo +.=.o         |
[   30.976326] cloud-init[1065]: |. = +.o S        |
[   30.981017] cloud-init[1065]: | . + .           |
[   30.995212]          cloud-initStarting System Logging Service...[1065]: 
|  . .            |
[   31.004526] [cloud-init[0;32m  OK  [0m[1065]: ] |                 |Started ACPI event daemon.

[   31.017335]          Starting LXD - container startup/shutdown...
cloud-init[1065]: |                 |
[   31.044790]          cloud-initStarting Apply the settings specified in cloud-config...[1065]: 
+----[SHA256]-----+
[   31.045477] cloud-init[1065]: Generating public/private ecdsa key pair.
[   31.060409] cloud-init[1065]: Your identification has been saved in /etc/ssh/ssh_host_ecdsa_key.
[   31.092722] cloud-init[1065]: Your public key has been saved in /etc/ssh/ssh_host_ecdsa_key.pub.
[   31.093176] cloud-init[1065]: The key fingerprint is:
[   31.093228] cloud-init[1065]: SHA256:ktGgDteNwmtKQUOd/wTgAc/uuXO3rj7lkxVOV5JpHa4 root@ubuntu-xenial
[   31.093280] cloud-init[1065]: The key's randomart image is:
[   31.093323] cloud-init[1065]: +---[ECDSA 256]---+
[   31.093366] cloud-init[1065]: | .=ooo.      +.. |
[   31.093408] cloud-init[1065]: | . *o+.=    =.o  |
[   31.093449] cloud-init[1065]: |  o O.+.o  . o.  |
[   31.093491] cloud-init[1065]: |   * o.o. o ..   |
[   31.093533] cloud-init[1065]: |  . = ooSo oE    |
[   31.093573] cloud-init[1065]: | . + . .o o      |
[   31.093616] cloud-init[1065]: |  . o  o o       |
[   31.093657] cloud-init[1065]: |    ..o =        |
[   31.093699] cloud-init[1065]: |    .+o=oo       |
[   31.093739] cloud-init[1065]: +----[SHA256]-----+
[   31.093782] cloud-init[1065]: Generating public/private ed25519 key pair.
[   31.093939] cloud-init[1065]: Your identification has been saved in /etc/ssh/ssh_host_ed25519_key.
[   31.094026] cloud-init[1065]: Your public key has been saved in /etc/ssh/ssh_host_ed25519_key.pub.
[   31.094108] cloud-init[1065]: The key fingerprint is:
[   31.094185] cloud-init[1065]: SHA256:GXO0MuHgbhjtT+Y68PRx0sYBl4tclwPeXyjzigU9h8E root@ubuntu-xenial
[   31.094261] cloud-init[1065]: The key's randomart image is:
[   31.094340] cloud-init[1065]: +--[ED25519 256]--+
[   31.094414] cloud-init[1065]: |      . . o+..   |
[   31.094490] cloud-init[1065]: |     o o.+++Eo . |
[   31.094569] cloud-init[1065]: |    . o.*==oB.o .|
[   31.094644] cloud-init[1065]: |     =  oBo. B . |
[   31.094719] cloud-init[1065]: |    . + So .. o  |
[   31.094857] cloud-init[1065]: |    ...=o =o .   |
[   31.094937] cloud-init[1065]: |     + .o=. .    |
[   31.095030] cloud-init[1065]: |      o..        |
[   31.095871] cloud-init[1065]: |      ..         |
[   31.095965] cloud-init[1065]: +----[SHA256]-----+
[[0;32m  OK  [0m] Started FUSE filesystem for LXC.
         Starting Pollinate to seed the pseudo random number generator...
[[0;32m  OK  [0m] Started D-Bus System Message Bus.
[   32.088566] cloud-init[1190]: Generating locales (this might take a while)...
[[0;32m  OK  [0m] Started Snappy daemon.
         Starting Auto import assertions from block devices...
[[0;32m  OK  [0m] Started System Logging Service.
[[0;32m  OK  [0m] Started iSCSI initiator daemon (iscsid).
[[0;32m  OK  [0m] Started /etc/rc.local Compatibility.
[[0;32m  OK  [0m] Started Auto import assertions from block devices.
         Starting Login to default iSCSI targets...
[[0;32m  OK  [0m] Started Login Service.
[[0;32m  OK  [0m] Started LSB: Record successful boot for GRUB.
         Starting Authenticate and Authorize Users to Run Privileged Tasks...
[[0;32m  OK  [0m] Started Login to default iSCSI targets.
[[0;32m  OK  [0m] Reached target Remote File Systems (Pre).
[[0;32m  OK  [0m] Reached target Remote File Systems.
         Starting LSB: automatic crash report generation...
         Starting LSB: VirtualBox Linux Additions...
         Starting LSB: daemon to balance interrupts for SMP systems...
         Starting LSB: Set the CPU Frequency Scaling governor to "ondemand"...
         Starting Permit User Sessions...
[[0;32m  OK  [0m] Started LSB: MD monitoring daemon.
[[0;32m  OK  [0m] Started Permit User Sessions.
         Starting Terminate Plymouth Boot Screen...
         Starting Hold until boot process finishes up...
[[0;32m  OK  [0m] Started LSB: Set the CPU Frequency Scaling governor to "ondemand".
[[0;32m  OK  [0m] Started Terminate Plymouth Boot Screen.
[[0;32m  OK  [0m] Started Hold until boot process finishes up.
[[0;32m  OK  [0m] Started Authenticate and Authorize Users to Run Privileged Tasks.
[[0;32m  OK  [0m] Started Accounts Service.
[[0;32m  OK  [0m] Started Serial Getty on ttyS0.
         Starting Set console scheme...
[[0;32m  OK  [0m] Started Getty on tty1.
[[0;32m  OK  [0m] Reached target Login Prompts.
[[0;32m  OK  [0m] Started LSB: daemon to balance interrupts for SMP systems.
[[0;32m  OK  [0m] Started LSB: automatic crash report generation.
[[0;32m  OK  [0m] Started Set console scheme.
[[0;32m  OK  [0m] Started LSB: VirtualBox Linux Additions.
[[0;32m  OK  [0m] Started LXD - container startup/shutdown.
[   35.673920] cloud-init[1190]:   en_US.UTF-8... done
[   35.692486] cloud-init[1190]: Generation complete.
[[0;32m  OK  [0m] Stopped OpenBSD Secure Shell server.
         Starting OpenBSD Secure Shell server...
[[0;32m  OK  [0m] Started OpenBSD Secure Shell server.
[[0;32m  OK  [0m] Started Pollinate to seed the pseudo random number generator.
[[0;32m  OK  [0m] Reached target Multi-User System.
[[0;32m  OK  [0m] Reached target Graphical Interface.
         Starting Update UTMP about System Runlevel Changes...
[[0;32m  OK  [0m] Started Update UTMP about System Runlevel Changes.
[   37.602407] cloud-init[1190]: Cloud-init v. 0.7.8 running 'modules:config' at Sat, 04 Feb 2017 05:32:41 +0000. Up 31.46 seconds.
[[0;32m  OK  [0m] Started Apply the settings specified in cloud-config.
         Starting Execute cloud user/final scripts...
ci-info: no authorized ssh keys fingerprints found for user ubuntu.
<14>Feb  4 05:32:48 ec2: 
<14>Feb  4 05:32:48 ec2: #############################################################
<14>Feb  4 05:32:48 ec2: -----BEGIN SSH HOST KEY FINGERPRINTS-----
<14>Feb  4 05:32:48 ec2: 1024 SHA256:1CEDIJTD80cR84oRSgeHTI3EivYjlSnfNBUXh3EbWsY root@ubuntu-xenial (DSA)
<14>Feb  4 05:32:48 ec2: 256 SHA256:ktGgDteNwmtKQUOd/wTgAc/uuXO3rj7lkxVOV5JpHa4 root@ubuntu-xenial (ECDSA)
<14>Feb  4 05:32:48 ec2: 256 SHA256:GXO0MuHgbhjtT+Y68PRx0sYBl4tclwPeXyjzigU9h8E root@ubuntu-xenial (ED25519)
<14>Feb  4 05:32:48 ec2: 2048 SHA256:dmKtxUmR9gpyxA2roeCGhx+YQpPtBm3woxovSqIMq6c root@ubuntu-xenial (RSA)
<14>Feb  4 05:32:48 ec2: -----END SSH HOST KEY FINGERPRINTS-----
<14>Feb  4 05:32:48 ec2: #############################################################
-----BEGIN SSH HOST KEY KEYS-----
ecdsa-sha2-nistp256 AAAAE2VjZHNhLXNoYTItbmlzdHAyNTYAAAAIbmlzdHAyNTYAAABBBFFd0gx3HiKoaJ7ZasF3UbwfPFPEtOMS5E9r5rMAhDWOFkgfs+TyzRgKDJ6GDN87df+WUUKLM+dDGVSOxbrdK+g= root@ubuntu-xenial
ssh-ed25519 AAAAC3NzaC1lZDI1NTE5AAAAIHuGvg13KuTEenrlgNBjYiE2edb1LElnMBb/oqH4ke7L root@ubuntu-xenial
ssh-rsa AAAAB3NzaC1yc2EAAAADAQABAAABAQCwFM1islHTGlH8MwonZLYMPR5c1a+q3QCUD5xp8JXD77pHpSU8K9kmK16kT9V6SGMPrUkA5TjDo2aBAzpKow+XPXa8e83eg6qSpjVQkb54scWwwfaxI85EZUON176P3sLmryeTOIdYdSKqlDAIeBl/xJ6pdVVpITVM6tWU5ooXu2axgSwwCsVyMG/8qpEM6q/gh1ux9I0Q5D530sHzLhhFLnaeYYjJJEWkq1gwweT7QRj1b3BtrYQJecsFbH12wpHEvsGNlzOFsCpb6aHkLuH8hDXhbhsN1mvMHJKjyXKHDpCwHNHnCVAyrC5a3HTrl1wAzv1q1BRJnDl+Z/Kzi1BJ root@ubuntu-xenial
-----END SSH HOST KEY KEYS-----
[   38.821093] cloud-init[1425]: Cloud-init v. 0.7.8 running 'modules:final' at Sat, 04 Feb 2017 05:32:47 +0000. Up 38.06 seconds.
[   38.828394] cloud-init[1425]: ci-info: no authorized ssh keys fingerprints found for user ubuntu.
[   38.834304] cloud-init[1425]: Cloud-init v. 0.7.8 finished at Sat, 04 Feb 2017 05:32:48 +0000. Datasource DataSourceNoCloud [seed=/dev/sdb][dsmode=net].  Up 38.81 seconds
[[0;32m  OK  [0m] Started Execute cloud user/final scripts.
[[0;32m  OK  [0m] Reached target Cloud-init target.

Ubuntu 16.04.1 LTS ubuntu-xenial ttyS0

ubuntu-xenial login: 