[    0.000000] Initializing cgroup subsys cpuset
[    0.000000] Initializing cgroup subsys cpu
[    0.000000] Initializing cgroup subsys cpuacct
[    0.000000] Linux version 4.4.0-57-generic (buildd@lgw01-54) (gcc version 5.4.0 20160609 (Ubuntu 5.4.0-6ubuntu1~16.04.4) ) #78-Ubuntu SMP Fri Dec 9 23:50:32 UTC 2016 (Ubuntu 4.4.0-57.78-generic 4.4.35)
[    0.000000] Command line: BOOT_IMAGE=/boot/vmlinuz-4.4.0-57-generic root=LABEL=cloudimg-rootfs ro console=tty1 console=ttyS0
[    0.000000] KERNEL supported cpus:
[    0.000000]   Intel GenuineIntel
[    0.000000]   AMD AuthenticAMD
[    0.000000]   Centaur CentaurHauls
[    0.000000] x86/fpu: xstate_offset[2]:  576, xstate_sizes[2]:  256
[    0.000000] x86/fpu: Supporting XSAVE feature 0x01: 'x87 floating point registers'
[    0.000000] x86/fpu: Supporting XSAVE feature 0x02: 'SSE registers'
[    0.000000] x86/fpu: Supporting XSAVE feature 0x04: 'AVX registers'
[    0.000000] x86/fpu: Enabled xstate features 0x7, context size is 832 bytes, using 'standard' format.
[    0.000000] x86/fpu: Using 'lazy' FPU context switches.
[    0.000000] e820: BIOS-provided physical RAM map:
[    0.000000] BIOS-e820: [mem 0x0000000000000000-0x000000000009fbff] usable
[    0.000000] BIOS-e820: [mem 0x000000000009fc00-0x000000000009ffff] reserved
[    0.000000] BIOS-e820: [mem 0x00000000000f0000-0x00000000000fffff] reserved
[    0.000000] BIOS-e820: [mem 0x0000000000100000-0x000000003ffeffff] usable
[    0.000000] BIOS-e820: [mem 0x000000003fff0000-0x000000003fffffff] ACPI data
[    0.000000] BIOS-e820: [mem 0x00000000fec00000-0x00000000fec00fff] reserved
[    0.000000] BIOS-e820: [mem 0x00000000fee00000-0x00000000fee00fff] reserved
[    0.000000] BIOS-e820: [mem 0x00000000fffc0000-0x00000000ffffffff] reserved
[    0.000000] NX (Execute Disable) protection: active
[    0.000000] SMBIOS 2.5 present.
[    0.000000] Hypervisor detected: KVM
[    0.000000] e820: last_pfn = 0x3fff0 max_arch_pfn = 0x400000000
[    0.000000] MTRR: Disabled
[    0.000000] x86/PAT: MTRRs disabled, skipping PAT initialization too.
[    0.000000] x86/PAT: Configuration [0-7]: WB  WT  UC- UC  WB  WT  UC- UC  
[    0.000000] CPU MTRRs all blank - virtualized system.
[    0.000000] found SMP MP-table at [mem 0x0009fff0-0x0009ffff] mapped at [ffff88000009fff0]
[    0.000000] Scanning 1 areas for low memory corruption
[    0.000000] RAMDISK: [mem 0x36b5a000-0x375a4fff]
[    0.000000] ACPI: Early table checksum verification disabled
[    0.000000] ACPI: RSDP 0x00000000000E0000 000024 (v02 VBOX  )
[    0.000000] ACPI: XSDT 0x000000003FFF0030 00003C (v01 VBOX   VBOXXSDT 00000001 ASL  00000061)
[    0.000000] ACPI: FACP 0x000000003FFF00F0 0000F4 (v04 VBOX   VBOXFACP 00000001 ASL  00000061)
[    0.000000] ACPI: DSDT 0x000000003FFF0470 00210F (v01 VBOX   VBOXBIOS 00000002 INTL 20100528)
[    0.000000] ACPI: FACS 0x000000003FFF0200 000040
[    0.000000] ACPI: FACS 0x000000003FFF0200 000040
[    0.000000] ACPI: APIC 0x000000003FFF0240 00005C (v02 VBOX   VBOXAPIC 00000001 ASL  00000061)
[    0.000000] ACPI: SSDT 0x000000003FFF02A0 0001CC (v01 VBOX   VBOXCPUT 00000002 INTL 20100528)
[    0.000000] No NUMA configuration found
[    0.000000] Faking a node at [mem 0x0000000000000000-0x000000003ffeffff]
[    0.000000] NODE_DATA(0) allocated [mem 0x3ffeb000-0x3ffeffff]
[    0.000000] kvm-clock: Using msrs 4b564d01 and 4b564d00
[    0.000000] kvm-clock: cpu 0, msr 0:3ffe3001, primary cpu clock
[    0.000000] kvm-clock: using sched offset of 3853348785 cycles
[    0.000000] clocksource: kvm-clock: mask: 0xffffffffffffffff max_cycles: 0x1cd42e4dffb, max_idle_ns: 881590591483 ns
[    0.000000] Zone ranges:
[    0.000000]   DMA      [mem 0x0000000000001000-0x0000000000ffffff]
[    0.000000]   DMA32    [mem 0x0000000001000000-0x000000003ffeffff]
[    0.000000]   Normal   empty
[    0.000000]   Device   empty
[    0.000000] Movable zone start for each node
[    0.000000] Early memory node ranges
[    0.000000]   node   0: [mem 0x0000000000001000-0x000000000009efff]
[    0.000000]   node   0: [mem 0x0000000000100000-0x000000003ffeffff]
[    0.000000] Initmem setup node 0 [mem 0x0000000000001000-0x000000003ffeffff]
[    0.000000] ACPI: PM-Timer IO Port: 0x4008
[    0.000000] IOAPIC[0]: apic_id 2, version 32, address 0xfec00000, GSI 0-23
[    0.000000] ACPI: INT_SRC_OVR (bus 0 bus_irq 0 global_irq 2 dfl dfl)
[    0.000000] ACPI: INT_SRC_OVR (bus 0 bus_irq 9 global_irq 9 high level)
[    0.000000] Using ACPI (MADT) for SMP configuration information
[    0.000000] smpboot: Allowing 2 CPUs, 0 hotplug CPUs
[    0.000000] PM: Registered nosave memory: [mem 0x00000000-0x00000fff]
[    0.000000] PM: Registered nosave memory: [mem 0x0009f000-0x0009ffff]
[    0.000000] PM: Registered nosave memory: [mem 0x000a0000-0x000effff]
[    0.000000] PM: Registered nosave memory: [mem 0x000f0000-0x000fffff]
[    0.000000] e820: [mem 0x40000000-0xfebfffff] available for PCI devices
[    0.000000] Booting paravirtualized kernel on KVM
[    0.000000] clocksource: refined-jiffies: mask: 0xffffffff max_cycles: 0xffffffff, max_idle_ns: 7645519600211568 ns
[    0.000000] setup_percpu: NR_CPUS:512 nr_cpumask_bits:512 nr_cpu_ids:2 nr_node_ids:1
[    0.000000] PERCPU: Embedded 33 pages/cpu @ffff88003fc00000 s98264 r8192 d28712 u1048576
[    0.000000] PV qspinlock hash table entries: 256 (order: 0, 4096 bytes)
[    0.000000] Built 1 zonelists in Node order, mobility grouping on.  Total pages: 257913
[    0.000000] Policy zone: DMA32
[    0.000000] Kernel command line: BOOT_IMAGE=/boot/vmlinuz-4.4.0-57-generic root=LABEL=cloudimg-rootfs ro console=tty1 console=ttyS0
[    0.000000] PID hash table entries: 4096 (order: 3, 32768 bytes)
[    0.000000] Memory: 1002044K/1048120K available (8432K kernel code, 1291K rwdata, 3960K rodata, 1484K init, 1316K bss, 46076K reserved, 0K cma-reserved)
[    0.000000] SLUB: HWalign=64, Order=0-3, MinObjects=0, CPUs=2, Nodes=1
[    0.000000] Hierarchical RCU implementation.
[    0.000000] 	Build-time adjustment of leaf fanout to 64.
[    0.000000] 	RCU restricting CPUs from NR_CPUS=512 to nr_cpu_ids=2.
[    0.000000] RCU: Adjusting geometry for rcu_fanout_leaf=64, nr_cpu_ids=2
[    0.000000] NR_IRQS:33024 nr_irqs:440 16
[    0.000000] Console: colour VGA+ 80x25
[    0.000000] console [tty1] enabled
[    0.000000] console [ttyS0] enabled
[    0.000000] tsc: Detected 2294.794 MHz processor
[    1.921448] Calibrating delay loop (skipped) preset value.. 4589.58 BogoMIPS (lpj=9179176)
[    1.923433] pid_max: default: 32768 minimum: 301
[    1.924489] ACPI: Core revision 20150930
[    1.926620] ACPI: 2 ACPI AML tables successfully acquired and loaded
[    1.928196] Security Framework initialized
[    1.929225] Yama: becoming mindful.
[    1.930207] AppArmor: AppArmor initialized
[    1.931370] Dentry cache hash table entries: 131072 (order: 8, 1048576 bytes)
[    1.933081] Inode-cache hash table entries: 65536 (order: 7, 524288 bytes)
[    1.939600] Mount-cache hash table entries: 2048 (order: 2, 16384 bytes)
[    2.038573] Mountpoint-cache hash table entries: 2048 (order: 2, 16384 bytes)
[    2.054352] Initializing cgroup subsys io
[    2.057650] Initializing cgroup subsys memory
[    2.059531] Initializing cgroup subsys devices
[    2.072071] Initializing cgroup subsys freezer
[    2.073432] Initializing cgroup subsys net_cls
[    2.074787] Initializing cgroup subsys perf_event
[    2.076161] Initializing cgroup subsys net_prio
[    2.077867] Initializing cgroup subsys hugetlb
[    2.079457] Initializing cgroup subsys pids
[    2.080905] CPU: Physical Processor ID: 0
[    2.082438] CPU: Processor Core ID: 0
[    2.083863] mce: CPU supports 0 MCE banks
[    2.086957] Last level iTLB entries: 4KB 512, 2MB 8, 4MB 8
[    2.090311] Last level dTLB entries: 4KB 512, 2MB 32, 4MB 32, 1GB 0
[    2.100703] Freeing SMP alternatives memory: 32K (ffffffff820b7000 - ffffffff820bf000)
[    2.123422] ftrace: allocating 32063 entries in 126 pages
[    2.183955] smpboot: APIC(0) Converting physical 0 to logical package 0
[    2.202316] smpboot: Max logical packages: 1
[    2.203628] x2apic enabled
[    2.205780] Switched APIC routing to physical x2apic.
[    2.208470] ..TIMER: vector=0x30 apic1=0 pin1=2 apic2=-1 pin2=-1
[    2.324254] smpboot: CPU0: Intel(R) Core(TM) i5-2410M CPU @ 2.30GHz (family: 0x6, model: 0x2a, stepping: 0x7)
[    2.341647] Performance Events: unsupported p6 CPU model 42 no PMU driver, software events only.
[    2.359332] KVM setup paravirtual spinlock
[    2.362780] x86: Booting SMP configuration:
[    2.365215] .... node  #0, CPUs:      #1
[    2.366312] kvm-clock: cpu 1, msr 0:3ffe3041, secondary cpu clock
[    2.369605] mce: CPU supports 0 MCE banks
[    2.372536] x86: Booted up 1 node, 2 CPUs
[    2.425104] smpboot: Total of 2 processors activated (9179.17 BogoMIPS)
[    2.427041] devtmpfs: initialized
[    2.429774] evm: security.selinux
[    2.487228] evm: security.SMACK64
[    2.533548] evm: security.SMACK64EXEC
[    2.537010] evm: security.SMACK64TRANSMUTE
[    2.537989] evm: security.SMACK64MMAP
[    2.538893] evm: security.ima
[    2.539828] evm: security.capability
[    2.547899] clocksource: jiffies: mask: 0xffffffff max_cycles: 0xffffffff, max_idle_ns: 7645041785100000 ns
[    2.569504] pinctrl core: initialized pinctrl subsystem
[    2.570800] RTC time:  5:52:23, date: 01/11/17
[    2.582573] NET: Registered protocol family 16
[    2.681526] cpuidle: using governor ladder
[    2.768841] cpuidle: using governor menu
[    2.774015] PCCT header not found.
[    2.775202] ACPI: bus type PCI registered
[    2.785397] acpiphp: ACPI Hot Plug PCI Controller Driver version: 0.5
[    2.789439] PCI: Using configuration type 1 for base access
[    2.826251] ACPI: Added _OSI(Module Device)
[    2.882206] ACPI: Added _OSI(Processor Device)
[    2.925319] ACPI: Added _OSI(3.0 _SCP Extensions)
[    2.956665] ACPI: Added _OSI(Processor Aggregator Device)
[    2.976380] ACPI: Executed 1 blocks of module-level executable AML code
[    2.980046] ACPI: Interpreter enabled
[    3.033024] ACPI: (supports S0 S5)
[    3.050919] ACPI: Using IOAPIC for interrupt routing
[    3.052255] PCI: Using host bridge windows from ACPI; if necessary, use "pci=nocrs" and report a bug
[    3.058454] ACPI: PCI Root Bridge [PCI0] (domain 0000 [bus 00-ff])
[    3.174708] acpi PNP0A03:00: _OSC: OS supports [ASPM ClockPM Segments MSI]
[    3.230465] acpi PNP0A03:00: _OSC failed (AE_NOT_FOUND); disabling ASPM
[    3.231884] acpi PNP0A03:00: fail to add MMCONFIG information, can't access extended PCI configuration space under this bridge.
[    3.278094] PCI host bridge to bus 0000:00
[    3.348499] pci_bus 0000:00: root bus resource [io  0x0000-0x0cf7 window]
[    3.485776] pci_bus 0000:00: root bus resource [io  0x0d00-0xffff window]
[    3.604429] pci_bus 0000:00: root bus resource [mem 0x000a0000-0x000bffff window]
[    3.686496] pci_bus 0000:00: root bus resource [mem 0x40000000-0xffdfffff window]
[    3.743890] pci_bus 0000:00: root bus resource [bus 00-ff]
[    3.811025] pci 0000:00:01.1: legacy IDE quirk: reg 0x10: [io  0x01f0-0x01f7]
[    3.847053] pci 0000:00:01.1: legacy IDE quirk: reg 0x14: [io  0x03f6]
[    3.848763] pci 0000:00:01.1: legacy IDE quirk: reg 0x18: [io  0x0170-0x0177]
[    3.850870] pci 0000:00:01.1: legacy IDE quirk: reg 0x1c: [io  0x0376]
[    3.880394] pci 0000:00:07.0: quirk: [io  0x4000-0x403f] claimed by PIIX4 ACPI
[    3.890839] pci 0000:00:07.0: quirk: [io  0x4100-0x410f] claimed by PIIX4 SMB
[    3.916613] ACPI: PCI Interrupt Link [LNKA] (IRQs 5 9 10 *11)
[    3.924843] ACPI: PCI Interrupt Link [LNKB] (IRQs 5 9 10 *11)
[    3.938014] ACPI: PCI Interrupt Link [LNKC] (IRQs 5 9 *10 11)
[    4.026475] ACPI: PCI Interrupt Link [LNKD] (IRQs 5 *9 10 11)
[    4.084805] ACPI: Enabled 2 GPEs in block 00 to 07
[    4.116137] vgaarb: setting as boot device: PCI:0000:00:02.0
[    4.185189] vgaarb: device added: PCI:0000:00:02.0,decodes=io+mem,owns=io+mem,locks=none
[    4.206471] vgaarb: loaded
[    4.215194] vgaarb: bridge control possible 0000:00:02.0
[    4.264611] SCSI subsystem initialized
[    4.276020] ACPI: bus type USB registered
[    4.277044] usbcore: registered new interface driver usbfs
[    4.278230] usbcore: registered new interface driver hub
[    4.279398] usbcore: registered new device driver usb
[    4.288054] PCI: Using ACPI for IRQ routing
[    4.382839] NetLabel: Initializing
[    4.445303] NetLabel:  domain hash size = 128
[    4.493643] NetLabel:  protocols = UNLABELED CIPSOv4
[    4.522815] NetLabel:  unlabeled traffic allowed by default
[    4.524345] amd_nb: Cannot enumerate AMD northbridges
[    4.525526] clocksource: Switched to clocksource kvm-clock
[    4.538159] AppArmor: AppArmor Filesystem Enabled
[    4.605561] pnp: PnP ACPI init
[    4.607375] pnp: PnP ACPI: found 3 devices
[    4.621689] clocksource: acpi_pm: mask: 0xffffff max_cycles: 0xffffff, max_idle_ns: 2085701024 ns
[    4.631439] NET: Registered protocol family 2
[    4.632724] TCP established hash table entries: 8192 (order: 4, 65536 bytes)
[    4.723675] TCP bind hash table entries: 8192 (order: 5, 131072 bytes)
[    4.725048] TCP: Hash tables configured (established 8192 bind 8192)
[    4.755212] UDP hash table entries: 512 (order: 2, 16384 bytes)
[    4.756475] UDP-Lite hash table entries: 512 (order: 2, 16384 bytes)
[    4.757915] NET: Registered protocol family 1
[    4.758940] pci 0000:00:00.0: Limiting direct PCI/PCI transfers
[    4.760244] pci 0000:00:01.0: Activating ISA DMA hang workarounds
[    4.762957] Trying to unpack rootfs image as initramfs...
[    6.843121] Freeing initrd memory: 10540K (ffff880036b5a000 - ffff8800375a5000)
[    6.881851] RAPL PMU detected, API unit is 2^-32 Joules, 3 fixed counters 10737418240 ms ovfl timer
[    6.919378] hw unit of domain pp0-core 2^-0 Joules
[    6.920470] hw unit of domain package 2^-0 Joules
[    6.921524] hw unit of domain pp1-gpu 2^-0 Joules
[    6.922708] platform rtc_cmos: registered platform RTC device (no PNP device found)
[    6.924556] Scanning for low memory corruption every 60 seconds
[    6.926374] futex hash table entries: 512 (order: 3, 32768 bytes)
[    6.927691] audit: initializing netlink subsys (disabled)
[    6.944547] audit: type=2000 audit(1484113949.069:1): initialized
[    6.964979] Initialise system trusted keyring
[    6.966341] HugeTLB registered 2 MB page size, pre-allocated 0 pages
[    6.972323] zbud: loaded
[    6.975252] VFS: Disk quotas dquot_6.6.0
[    6.976221] VFS: Dquot-cache hash table entries: 512 (order 0, 4096 bytes)
[    7.068212] squashfs: version 4.0 (2009/01/31) Phillip Lougher
[    7.070526] fuse init (API version 7.23)
[    7.103315] Key type big_key registered
[    7.115074] Allocating IMA MOK and blacklist keyrings.
[    7.125761] Key type asymmetric registered
[    7.135093] Asymmetric key parser 'x509' registered
[    7.136261] Block layer SCSI generic (bsg) driver version 0.4 loaded (major 249)
[    7.138533] io scheduler noop registered
[    7.139753] io scheduler deadline registered (default)
[    7.151653] io scheduler cfq registered
[    7.152724] pci_hotplug: PCI Hot Plug PCI Core version: 0.5
[    7.153939] pciehp: PCI Express Hot Plug Controller Driver version: 0.4
[    7.155613] ACPI: AC Adapter [AC] (on-line)
[    7.202691] input: Power Button as /devices/LNXSYSTM:00/LNXPWRBN:00/input/input0
[    7.206471] ACPI: Power Button [PWRF]
[    7.207455] input: Sleep Button as /devices/LNXSYSTM:00/LNXSLPBN:00/input/input1
[    7.209193] ACPI: Sleep Button [SLPF]
[    7.210413] GHES: HEST is not enabled!
[    7.211200] ACPI: Battery Slot [BAT0] (battery present)
[    7.304546] Serial: 8250/16550 driver, 32 ports, IRQ sharing enabled
[    7.353607] 00:02: ttyS0 at I/O 0x3f8 (irq = 4, base_baud = 115200) is a 16550A
[    7.374305] Linux agpgart interface v0.103
[    7.384091] brd: module loaded
[    7.409735] loop: module loaded
[    7.426443] scsi host0: ata_piix
[    7.440553] scsi host1: ata_piix
[    7.441447] ata1: PATA max UDMA/33 cmd 0x1f0 ctl 0x3f6 bmdma 0xd000 irq 14
[    7.442950] ata2: PATA max UDMA/33 cmd 0x170 ctl 0x376 bmdma 0xd008 irq 15
[    7.444518] libphy: Fixed MDIO Bus: probed
[    7.505112] tun: Universal TUN/TAP device driver, 1.6
[    7.535614] tun: (C) 1999-2004 Max Krasnyansky <maxk@qualcomm.com>
[    7.548480] PPP generic driver version 2.4.2
[    7.578856] ehci_hcd: USB 2.0 'Enhanced' Host Controller (EHCI) Driver
[    7.625758] ehci-pci: EHCI PCI platform driver
[    7.631292] ehci-platform: EHCI generic platform driver
[    7.636845] ohci_hcd: USB 1.1 'Open' Host Controller (OHCI) Driver
[    7.723804] ohci-pci: OHCI PCI platform driver
[    7.780904] ohci-platform: OHCI generic platform driver
[    7.850351] uhci_hcd: USB Universal Host Controller Interface driver
[    7.994087] tsc: Refined TSC clocksource calibration: 2294.747 MHz
[    8.132803] clocksource: tsc: mask: 0xffffffffffffffff max_cycles: 0x2113d2c2fd4, max_idle_ns: 440795250949 ns
[    8.133009] i8042: PNP: PS/2 Controller [PNP0303:PS2K,PNP0f03:PS2M] at 0x60,0x64 irq 1,12
[    8.137512] serio: i8042 KBD port at 0x60,0x64 irq 1
[    8.137521] serio: i8042 AUX port at 0x60,0x64 irq 12
[    8.137778] mousedev: PS/2 mouse device common for all mice
[    8.138311] rtc_cmos rtc_cmos: rtc core: registered rtc_cmos as rtc0
[    8.138397] rtc_cmos rtc_cmos: alarms up to one day, 114 bytes nvram
[    8.138407] i2c /dev entries driver
[    8.138493] device-mapper: uevent: version 1.0.3
[    8.138593] device-mapper: ioctl: 4.34.0-ioctl (2015-10-28) initialised: dm-devel@redhat.com
[    8.138613] ledtrig-cpu: registered to indicate activity on CPUs
[    8.147485] NET: Registered protocol family 10
[    8.148695] NET: Registered protocol family 17
[    8.148712] Key type dns_resolver registered
[    8.158672] microcode: CPU0 sig=0x206a7, pf=0x10, revision=0x0
[    8.158714] microcode: CPU1 sig=0x206a7, pf=0x10, revision=0x0
[    8.158853] microcode: Microcode Update Driver: v2.01 <tigran@aivazian.fsnet.co.uk>, Peter Oruba
[    8.159136] registered taskstats version 1
[    8.159160] Loading compiled-in X.509 certificates
[    8.160469] Loaded X.509 cert 'Build time autogenerated kernel key: a2268f7e4ca1e818c997a5071614f42c2a90855b'
[    8.160512] zswap: loaded using pool lzo/zbud
[    8.163429] Key type trusted registered
[    8.168483] Key type encrypted registered
[    8.168492] AppArmor: AppArmor sha1 policy hashing enabled
[    8.168496] ima: No TPM chip found, activating TPM-bypass!
[    8.168559] evm: HMAC attrs: 0x1
[    8.169274]   Magic number: 1:661:870
[    8.182150] rtc_cmos rtc_cmos: setting system clock to 2017-01-11 05:52:29 UTC (1484113949)
[    8.182416] BIOS EDD facility v0.16 2004-Jun-25, 0 devices found
[    8.182417] EDD information not available.
[    8.186619] input: AT Translated Set 2 keyboard as /devices/platform/i8042/serio0/input/input2
[    8.290651] Freeing unused kernel memory: 1484K (ffffffff81f44000 - ffffffff820b7000)
[    8.350067] Write protecting the kernel read-only data: 14336k
[    8.399145] Freeing unused kernel memory: 1796K (ffff88000183f000 - ffff880001a00000)
[    8.435053] Freeing unused kernel memory: 136K (ffff880001dde000 - ffff880001e00000)
Loading, please wait...
starting version[    8.451092] random: systemd-udevd: uninitialized urandom read (16 bytes read, 2 bits of entropy available)
 229
[    8.451934] random: udevadm: uninitialized urandom read (16 bytes read, 2 bits of entropy available)
[    8.451979] random: udevadm: uninitialized urandom read (16 bytes read, 2 bits of entropy available)
[    8.452126] random: udevadm: uninitialized urandom read (16 bytes read, 2 bits of entropy available)
[    8.452184] random: udevadm: uninitialized urandom read (16 bytes read, 2 bits of entropy available)
[    8.452242] random: udevadm: uninitialized urandom read (16 bytes read, 2 bits of entropy available)
[    8.452295] random: udevadm: uninitialized urandom read (16 bytes read, 2 bits of entropy available)
[    8.452349] random: udevadm: uninitialized urandom read (16 bytes read, 2 bits of entropy available)
[    8.452426] random: udevadm: uninitialized urandom read (16 bytes read, 2 bits of entropy available)
[    8.452487] random: udevadm: uninitialized urandom read (16 bytes read, 2 bits of entropy available)
[    8.584172] e1000: Intel(R) PRO/1000 Network Driver - version 7.3.21-k8-NAPI
[    8.619075] e1000: Copyright (c) 1999-2006 Intel Corporation.
[    8.623723] Fusion MPT base driver 3.04.20
[    8.630768] Copyright (c) 1999-2008 LSI Corporation
[    8.661644] AVX version of gcm_enc/dec engaged.
[    8.693190] AES CTR mode by8 optimization enabled
[    8.714449] Fusion MPT SPI Host driver 3.04.20
[    8.864431] input: ImExPS/2 Generic Explorer Mouse as /devices/platform/i8042/serio1/input/input4
[    9.058669] e1000 0000:00:03.0 eth0: (PCI:33MHz:32-bit) 02:51:94:fb:32:e8
[    9.107157] e1000 0000:00:03.0 eth0: Intel(R) PRO/1000 Network Connection
[    9.583325] e1000 0000:00:08.0 eth1: (PCI:33MHz:32-bit) 08:00:27:42:f4:0d
[    9.641321] e1000 0000:00:08.0 eth1: Intel(R) PRO/1000 Network Connection
[    9.663346] e1000 0000:00:08.0 enp0s8: renamed from eth1
[    9.672558] mptbase: ioc0: Initiating bringup
[    9.718475] e1000 0000:00:03.0 enp0s3: renamed from eth0
[    9.825751] ioc0: LSI53C1030 A0: Capabilities={Initiator}
[   10.045620] scsi host2: ioc0: LSI53C1030 A0, FwRev=00000000h, Ports=1, MaxQ=256, IRQ=20
[   10.227697] scsi 2:0:0:0: Direct-Access     VBOX     HARDDISK         1.0  PQ: 0 ANSI: 5
[   10.290245] scsi target2:0:0: Beginning Domain Validation
[   10.300890] scsi target2:0:0: Domain Validation skipping write tests
[   10.311915] scsi target2:0:0: Ending Domain Validation
[   10.316535] scsi target2:0:0: asynchronous
[   10.327631] scsi 2:0:1:0: Direct-Access     VBOX     HARDDISK         1.0  PQ: 0 ANSI: 5
[   10.393998] scsi target2:0:1: Beginning Domain Validation
[   10.396077] scsi target2:0:1: Domain Validation skipping write tests
[   10.397444] scsi target2:0:1: Ending Domain Validation
[   10.404184] scsi target2:0:1: asynchronous
[   10.412467] sd 2:0:0:0: [sda] 20971520 512-byte logical blocks: (10.7 GB/10.0 GiB)
[   10.412703] sd 2:0:0:0: Attached scsi generic sg0 type 0
[   10.413186] sd 2:0:1:0: Attached scsi generic sg1 type 0
[   10.413485] sd 2:0:1:0: [sdb] 20480 512-byte logical blocks: (10.5 MB/10.0 MiB)
[   10.413666] sd 2:0:1:0: [sdb] Write Protect is off
[   10.413775] sd 2:0:1:0: [sdb] Incomplete mode parameter data
[   10.413776] sd 2:0:1:0: [sdb] Assuming drive cache: write through
[   10.434477] sd 2:0:1:0: [sdb] Attached SCSI disk
[   10.489856] sd 2:0:0:0: [sda] Write Protect is off
[   10.491242] sd 2:0:0:0: [sda] Incomplete mode parameter data
[   10.492515] sd 2:0:0:0: [sda] Assuming drive cache: write through
[   10.506799]  sda: sda1
[   10.534395] sd 2:0:0:0: [sda] Attached SCSI disk
[   11.626366] floppy0: no floppy controllers found
Begin: Loading essential drivers ... [   13.081116] md: linear personality registered for level -1
[   13.091441] md: multipath personality registered for level -4
[   13.100354] md: raid0 personality registered for level 0
[   13.110518] md: raid1 personality registered for level 1
[   13.210013] raid6: sse2x1   gen()  7175 MB/s
[   13.346250] raid6: sse2x1   xor()  5764 MB/s
[   13.442395] raid6: sse2x2   gen()  8918 MB/s
[   13.514141] raid6: sse2x2   xor()  6006 MB/s
[   13.601594] raid6: sse2x4   gen()  9784 MB/s
[   13.674236] raid6: sse2x4   xor()  6820 MB/s
[   13.698598] raid6: using algorithm sse2x4 gen() 9784 MB/s
[   13.732180] raid6: .... xor() 6820 MB/s, rmw enabled
[   13.733661] raid6: using ssse3x2 recovery algorithm
[   13.756783] xor: automatically using best checksumming function:
[   13.805601]    avx       : 16407.000 MB/sec
[   13.879636] async_tx: api initialized (async)
[   13.897759] md: raid6 personality registered for level 6
[   13.905890] md: raid5 personality registered for level 5
[   13.915695] md: raid4 personality registered for level 4
[   13.923228] md: raid10 personality registered for level 10
done.
Begin: Running /scripts/init-premount ... done.
Begin: Mounting root file system ... Begin: Running /scripts/local-top ... done.
Begin: Running /scripts/local-premount ... [   13.969658] Btrfs loaded
Scanning for Btrfs filesystems
done.
Warning: fsck not present, so skipping root file system
[   14.348504] EXT4-fs (sda1): mounted filesystem with ordered data mode. Opts: (null)
done.
Begin: Running /scripts/local-bottom ... done.
Begin: Running /scripts/init-bottom ... done.
[   15.146563] random: nonblocking pool is initialized
[   16.122572] systemd[1]: systemd 229 running in system mode. (+PAM +AUDIT +SELINUX +IMA +APPARMOR +SMACK +SYSVINIT +UTMP +LIBCRYPTSETUP +GCRYPT +GNUTLS +ACL +XZ -LZ4 +SECCOMP +BLKID +ELFUTILS +KMOD -IDN)
[   16.220643] systemd[1]: Detected virtualization oracle.
[   16.223602] systemd[1]: Detected architecture x86-64.

Welcome to [1mUbuntu 16.04.1 LTS[0m!

[   16.428827] systemd[1]: Set hostname to <ubuntu>.
[   16.558992] systemd[1]: Initializing machine ID from random generator.
[   16.599557] systemd[1]: Installed transient /etc/machine-id file.
[   18.010227] systemd[1]: Listening on /dev/initctl Compatibility Named Pipe.
[[0;32m  OK  [0m] Listening on /dev/initctl Compatibility Named Pipe.
[   18.050740] systemd[1]: Listening on udev Control Socket.
[[0;32m  OK  [0m] Listening on udev Control Socket.
[   18.066856] systemd[1]: Listening on Syslog Socket.
[[0;32m  OK  [0m] Listening on Syslog Socket.
[   18.134070] systemd[1]: Reached target Encrypted Volumes.
[[0;32m  OK  [0m] Reached target Encrypted Volumes.
[   18.137117] systemd[1]: Set up automount Arbitrary Executable File Formats File System Automount Point.
[[0;32m  OK  [0m] Set up automount Arbitrary Executab...ats File System Automount Point.
[   18.262228] systemd[1]: Listening on LVM2 poll daemon socket.
[[0;32m  OK  [0m] Listening on LVM2 poll daemon socket.
[   18.273144] systemd[1]: Listening on Journal Socket.
[[0;32m  OK  [0m] Listening on Journal Socket.
[   18.276064] systemd[1]: Listening on LVM2 metadata daemon socket.
[[0;32m  OK  [0m] Listening on LVM2 metadata daemon socket.
[   18.309914] systemd[1]: Listening on Journal Socket (/dev/log).
[[0;32m  OK  [0m] Listening on Journal Socket (/dev/log).
[   18.455767] systemd[1]: Listening on Journal Audit Socket.
[[0;32m  OK  [0m] Listening on Journal Audit Socket.
[   18.476643] systemd[1]: Started Forward Password Requests to Wall Directory Watch.
[[0;32m  OK  [0m] Started Forward Password Requests to Wall Directory Watch.
[   18.544099] systemd[1]: Created slice User and Session Slice.
[[0;32m  OK  [0m] Created slice User and Session Slice.
[   18.698474] systemd[1]: Listening on Device-mapper event daemon FIFOs.
[[0;32m  OK  [0m] Listening on Device-mapper event daemon FIFOs.
[   18.882710] systemd[1]: Reached target Swap.
[[0;32m  OK  [0m] Reached target Swap.
[   19.015143] systemd[1]: Created slice System Slice.
[[0;32m  OK  [0m] Created slice System Slice.
[   19.017998] systemd[1]: Reached target Slices.
[[0;32m  OK  [0m] Reached target Slices.
[   19.109930] systemd[1]: Starting Journal Service...
         Starting Journal Service...
[   19.166583] systemd[1]: Created slice system-serial\x2dgetty.slice.
[[0;32m  OK  [0m] Created slice system-serial\x2dgetty.slice.
[   19.206580] systemd[1]: Mounting Debug File System...
         Mounting Debug File System...
[   19.254711] systemd[1]: Starting Uncomplicated firewall...
         Starting Uncomplicated firewall...
[   19.390173] systemd[1]: Starting Create list of required static device nodes for the current kernel...
         Starting Create list of required st... nodes for the current kernel...
[   19.662400] systemd[1]: Starting Load Kernel Modules...
         Starting Load Kernel Modules...
[   19.734601] systemd[1]: Mounting Huge Pages File System...
         Mounting Huge Pages File System...
[   19.776332] systemd[1]: Starting Remount Root and Kernel File Systems...
         [   19.830537] EXT4-fs (sda1): re-mounted. Opts: (null)
Starting Remount Root and Kernel File Systems...
[   19.895754] Loading iSCSI transport class v2.0-870.
[   19.905799] systemd[1]: Starting Monitoring of LVM2 mirrors, snapshots etc. using dmeventd or progress polling...
         Starting Monitoring of LVM2 mirrors... dmeventd or progress polling...
[   19.983365] systemd[1]: Starting Nameserver information manager...
         Starting Nameserver information manager...
[   20.034558] iscsi: registered transport (tcp)
[   20.078519] systemd[1]: Starting Set console keymap...
         Starting Set console keymap...
[   20.088061] systemd[1]: Listening on udev Kernel Socket.
[[0;32m  OK  [0m] Listening on udev Kernel Socket.
[   20.103481] systemd[1]: Mounting POSIX Message Queue File System...
         Mounting POSIX Message Queue File System...
[   20.166025] systemd[1]: Reached target User and Group Name Lookups.
[[0;32m  OK  [0m] Reached target User and Group Name Lookups.
[   20.215278] systemd[1]: Mounted Huge Pages File System.
[[0;32m  OK  [0m] Mounted Huge Pages File System.
[   20.237270] systemd[1]: Mounted Debug File System.
[[0;32m  OK  [0m] Mounted Debug File System.
[   20.248076] systemd[1]: Mounted POSIX Message Queue File System.
[[0;32m  OK  [0m] Mounted POSIX Message Queue File System.
[   20.256187] systemd[1]: Started Journal Service.
[[0;32m  OK  [0m] Started Journal Service.
[[0;32m  OK  [0m] Started Uncomplicated firewall.
[[0;32m  OK  [0m] Started Create list of required sta...ce nodes for the current kernel.
[[0;32m  OK  [0m] Started Remount Root and Kernel File Systems.
[   20.327684] iscsi: registered transport (iser)
[[0;32m  OK  [0m] Started LVM2 metadata daemon.
         Starting udev Coldplug all Devices...
         Starting Load/Save Random Seed...
         Starting Initial cloud-init job (pre-networking)...
         Starting Create Static Device Nodes in /dev...
         Starting Flush Journal to Persistent Storage...
[[0;32m  OK  [0m] Started Load Kernel Modules.
[[0;32m  OK  [0m] Started Set console keymap.
[[0;32m  OK  [0m] Started Nameserver information manager.
[[0;32m  OK  [0m] Started Load/Save Random Seed.
[[0;32m  OK  [0m] Started Monitoring of LVM2 mirrors,...ng dmeventd or progress polling.
[[0;32m  OK  [0m] Started udev Coldplug all Devices.
[   21.114128] systemd-journald[401]: Received request to flush runtime journal from PID 1
[[0;32m  OK  [0m] Started Create Static Device Nodes in /dev.
[[0;32m  OK  [0m] Started Flush Journal to Persistent Storage.
         Starting udev Kernel Device Manager...
         Starting Apply Kernel Variables...
         Mounting FUSE Control File System...
[[0;32m  OK  [0m] Mounted FUSE Control File System.
[[0;32m  OK  [0m] Started Apply Kernel Variables.
[[0;32m  OK  [0m] Started udev Kernel Device Manager.
[[0;32m  OK  [0m] Started Dispatch Password Requests to Console Directory Watch.
[[0;32m  OK  [0m] Reached target Local File Systems (Pre).
[[0;32m  OK  [0m] Reached target Local File Systems.
         Starting Commit a transient machine-id on disk...
         Starting Tell Plymouth To Write Out Runtime Data...
         Starting Create Volatile Files and Directories...
         Starting LSB: AppArmor initialization...
         Starting Set console font and keymap...
[[0;32m  OK  [0m] Started Commit a transient machine-id on disk.
[[0;32m  OK  [0m] Found device /dev/ttyS0.
[[0;32m  OK  [0m] Started Tell Plymouth To Write Out Runtime Data.
[[0;32m  OK  [0m] Started Create Volatile Files and Directories.
[[0;32m  OK  [0m] Reached target System Time Synchronized.
         Starting Update UTMP about System Boot/Shutdown...
[[0;32m  OK  [0m] Started Update UTMP about System Boot/Shutdown.
[[0;32m  OK  [0m] Started Set console font and keymap.
[[0;32m  OK  [0m] Created slice system-getty.slice.
[[0;32m  OK  [0m] Started LSB: AppArmor initialization.
[[0;32m  OK  [0m] Listening on Load/Save RF Kill Switch Status /dev/rfkill Watch.
[   24.929926] cloud-init[457]: Cloud-init v. 0.7.8 running 'init-local' at Wed, 11 Jan 2017 05:52:49 +0000. Up 24.06 seconds.
[[0;32m  OK  [0m] Started Initial cloud-init job (pre-networking).
[[0;32m  OK  [0m] Reached target Network (Pre).
         Starting Raise network interfaces...
[[0;32m  OK  [0m] Started Raise network interfaces.
[[0;32m  OK  [0m] Reached target Network.
         Starting Initial cloud-init job (metadata service crawler)...
[   29.118241] cloud-init[1052]: Cloud-init v. 0.7.8 running 'init' at Wed, 11 Jan 2017 05:52:51 +0000. Up 26.21 seconds.
[[0;32m  OK  [0m] Started Initial cloud-init job (metadata service crawler).
[   29.216441] cloud-init[1052]: ci-info: ++++++++++++++++++++++++++++++++++++++Net device info++++++++++++++++++++++++++++++++++++++
[[   29.283480] cloud-init[1052]: ci-info: +--------+-------+----------------------------+---------------+-------+-------------------+
[   29.284693] cloud-init[1052]: ci-info: | Device |   Up  |          Address           |      Mask     | Scope |     Hw-Address    |
[0;32m  OK  [0m] Reached target Cloud-config availability.
[   29.285135] cloud-init[1052]: ci-info: +--------+-------+----------------------------+---------------+-------+-------------------+
[   29.326598] cloud-init[1052]: ci-info: | enp0s3 |  True |         10.0.2.15          | 255.255.255.0 |   .   | 02:51:94:fb:32:e8 |
[   29.327326] cloud-init[1052]: ci-info: | enp0s3 |  True | fe80::51:94ff:fefb:32e8/64 |       .       |  link | 02:51:94:fb:32:e8 |
[   29.327581] cloud-init[1052]: ci-info: | enp0s8 | False |             .              |       .       |   .   | 08:00:27:42:f4:0d |
[   29.328546] cloud-init[1052]: ci-info: |   lo   |  True |         127.0.0.1          |   255.0.0.0   |   .   |         .         |
[   29.328688] cloud-init[1052]: ci-info: |   lo   |  True |          ::1/128           |       .       |  host |         .         |
[   29.328793] cloud-init[1052]: ci-info: +--------+-------+----------------------------+---------------+-------+-------------------+
[   29.328963] cloud-init[1052]: ci-info: +++++++++++++++++++++++++++Route IPv4 info++++++++++++++++++++++++++++
[   29.329054] cloud-init[1052]: ci-info: +-------+-------------+----------+---------------+-----------+-------+
[   29.329129] cloud-init[1052]: ci-info: | Route | Destination | Gateway  |    Genmask    | Interface | Flags |
[   29.329237] cloud-init[1052]: ci-info: +-------+-------------+----------+---------------+-----------+-------+
[   29.329312] cloud-init[1052]: ci-info: |   0   |   0.0.0.0   | 10.0.2.2 |    0.0.0.0    |   enp0s3  |   UG  |
[   29.329385] cloud-init[1052]: ci-info: |   1   |   10.0.2.0  | 0.0.0.0  | 255.255.255.0 |   enp0s3  |   U   |
[   29.329462] cloud-init[1052]: ci-info: +-------+-------------+----------+---------------+-----------+-------+
[   29.329575] cloud-init[1052]: Generating public/private rsa key pair.
[   29.329697] cloud-init[1052]: Your identification has been saved in /etc/ssh/ssh_host_rsa_key.
[   29.329784] cloud-init[1052]: Your public key has been saved in /etc/ssh/ssh_host_rsa_key.pub.
[   29.329864] cloud-init[1052]: The key fingerprint is:
[   29.329954] cloud-init[1052]: SHA256:J1ysXlAPqgYD7SCDSXm7hGJjvK+gj8MtI0tRhG5DBUM root@ubuntu-xenial
[   29.330040] cloud-init[1052]: The key's randomart image is:
[   29.330127] cloud-init[1052]: +---[RSA 2048]----+
[   29.330768] cloud-init[1052]: |+E*+      o      |
[   29.330909] cloud-init[1052]: |=++o.    + o     |
[   29.331040] cloud-init[1052]: |+oo++   o o .    |
[   29.331266] cloud-init[1052]: |.X.o.o o +       |
[   29.331367] cloud-init[1052]: |=.= . o S o      |
[[0;32m  OK  [0m] Reached target Network is Online.
[   29.332046] cloud-init[1052]: | ... . . +       |
[   29.332296] cloud-init[1052]: |o.o     .        |
[   29.432619] cloud-init[1052]: |*= o             |
[   29.433049] cloud-init[1052]: |===              |
         Starting iSCSI initiator daemon (iscsid)...
[[   29.433280] cloud-init[1052]: +----[SHA256]-----+
[   29.440357] cloud-init[1052]: Generating public/private dsa key pair.
[   29.440556] cloud-init[1052]: Your identification has been saved in /etc/ssh/ssh_host_dsa_key.
[   29.440818] cloud-init[1052]: Your public key has been saved in /etc/ssh/ssh_host_dsa_key.pub.
[0;32m  OK  [0m] Reached target System Initialization.
[   29.441027] cloud-init[1052]: The key fingerprint is:
[   29.491110] cloud-init[1052]: SHA256:4cxBcP8sr/vWPZUhcFeuzOVFVenKu6aXqzePMEzyqIg root@ubuntu-xenial
[[0;32m  OK  [0m] Started Daily Cleanup of Temporary Directories.
[   29.491323] cloud-init[1052]: The key's randomart image is:
[   29.545099] cloud-init[1052]: +---[DSA 1024]----+
[[0;32m  OK  [0m] Listening on ACPID Listen Socket.
[[   29.545237] cloud-init[1052]: |      ..o       X|
[   29.551829] cloud-init[1052]: |       o . . . = |
[   29.552109] cloud-init[1052]: |        o . o o +|
[   29.552342] cloud-init[1052]: |       + o o + *.|
[0;32m  OK  [0m] Started Timer to automatically refresh installed snaps.
[   29.552698] cloud-init[1052]: |        S...+ * +|
[   29.623136] cloud-init[1052]: |          *o o ..|
[[0;32m  OK  [0m] Started Daily apt activities.
[   29.623429] cloud-init[1052]: |         . =..o..|
[   29.683216] cloud-init[1052]: |    . . .  .+Bo..|
[   29.683554] cloud-init[1052]: |   E . .  o*B+=..|
[[0;32m  OK  [0m] Reached target Timers.
[   29.683841] cloud-init[1052]: +----[SHA256]-----+
[   29.712534] cloud-init[1052]: Generating public/private ecdsa key pair.
[   29.736342] cloud-init[1052]: Your identification has been saved in /etc/ssh/ssh_host_ecdsa_key.
[   29.736695] cloud-init[1052]: Your public key has been saved in /etc/ssh/ssh_host_ecdsa_key.pub.
         Starting LXD - unix socket.
[[   29.736929] cloud-init[1052]: The key fingerprint is:
[   29.785186] cloud-init[1052]: SHA256:ZSfXvTOFiqRGvIM2cQ0NWwdQIV/5c8DmQfr7vaa8+mI root@ubuntu-xenial
[   29.785377] cloud-init[1052]: The key's randomart image is:
[   29.785609] cloud-init[1052]: +---[ECDSA 256]---+
[   29.785843] cloud-init[1052]: |        ===oo+.  |
[   29.786098] cloud-init[1052]: |       . B.o.o=o |
[   29.786319] cloud-init[1052]: |      . = B ++ooo|
[   29.786551] cloud-init[1052]: |       = * = o+ +|
[   29.786784] cloud-init[1052]: |      + S . . .* |
[   29.787026] cloud-init[1052]: |     . o .     .o|
[   29.787254] cloud-init[1052]: |              .  |
[   29.787495] cloud-init[1052]: |           E.  o.|
[   29.787715] cloud-init[1052]: |          ..+=+.+|
[   29.787978] cloud-init[1052]: +----[SHA256]-----+
[   29.788426] cloud-init[1052]: Generating public/private ed25519 key pair.
[   29.788653] cloud-init[1052]: Your identification has been saved in /etc/ssh/ssh_host_ed25519_key.
[   29.788912] cloud-init[1052]: Your public key has been saved in /etc/ssh/ssh_host_ed25519_key.pub.
[   29.789149] cloud-init[1052]: The key fingerprint is:
[   29.789378] cloud-init[1052]: SHA256:vdFAaxAaeE3hIU/fGlujE4UhPlmgGfJbnElA7/CH7WI root@ubuntu-xenial
[0;32m  OK  [0m] Started Trigger resolvconf update for networkd DNS.
[[   29.789611] cloud-init[1052]: The key's randomart image is:
[   29.949107] cloud-init[1052]: +--[ED25519 256]--+
[0;32m  OK  [0m] Listening on UUID daemon activation socket.
[   29.949364] cloud-init[1052]: |    .o*+@++o.    |
[   30.024612] cloud-init[1052]: |    .o./.@.+     |
[   30.054505] cloud-init[1052]: |     .* % B +    |
[   30.061523] cloud-init[1052]: |       * * X .   |
[   30.064620] cloud-init[1052]: |      . S X .    |
[   30.080815] cloud-init[1052]: |         o +     |
[   30.084188] cloud-init[1052]: |        E o      |
[   30.105177] cloud-init[1052]: |       . .       |
[   30.144868] cloud-init[1052]: |                 |
[   30.164786] cloud-init[1052]: +----[SHA256]-----+
[[0;32m  OK  [0m] Started ACPI Events Check.
[[0;32m  OK  [0m] Reached target Paths.
[[0;32m  OK  [0m] Listening on D-Bus System Message Bus Socket.
         Starting Socket activation for snappy daemon.
[[0;32m  OK  [0m] Listening on LXD - unix socket.
[[0;32m  OK  [0m] Listening on Socket activation for snappy daemon.
[[0;32m  OK  [0m] Reached target Sockets.
[[0;32m  OK  [0m] Reached target Basic System.
         Starting Pollinate to seed the pseudo random number generator...
[[0;32m  OK  [0m] Started FUSE filesystem for LXC.
         Starting LSB: Record successful boot for GRUB...
         Starting LXD - container startup/shutdown...
         Starting /etc/rc.local Compatibility...
[[0;32m  OK  [0m] Started Regular background program processing daemon.
[[0;32m  OK  [0m] Started Deferred execution scheduler.
         Starting Login Service...
         Starting LSB: MD monitoring daemon...
[[0;32m  OK  [0m] Started D-Bus System Message Bus.
         Starting System Logging Service...
[[0;32m  OK  [0m] Started ACPI event daemon.
         Starting Apply the settings specified in cloud-config...
         Starting Accounts Service...
[[0;32m  OK  [0m] Started Snappy daemon.
         Starting Auto import assertions from block devices...
[[0;32m  OK  [0m] Started iSCSI initiator daemon (iscsid).
[[0;32m  OK  [0m] Started /etc/rc.local Compatibility.
[[0;32m  OK  [0m] Started Auto import assertions from block devices.
         Starting Login to default iSCSI targets...
[[0;32m  OK  [0m] Started Login Service.
[[0;32m  OK  [0m] Started LSB: MD monitoring daemon.
[[0;32m  OK  [0m] Started Login to default iSCSI targets.
[[0;32m  OK  [0m] Reached target Remote File Systems (Pre).
[[0;32m  OK  [0m] Reached target Remote File Systems.
         Starting LSB: daemon to balance interrupts for SMP systems...
         Starting LSB: Set the CPU Frequency Scaling governor to "ondemand"...
         Starting LSB: automatic crash report generation...
         Starting LSB: VirtualBox Linux Additions...
         Starting Permit User Sessions...
[[0;32m  OK  [0m] Started LSB: Record successful boot for GRUB.
[[0;32m  OK  [0m] Started LSB: Set the CPU Frequency Scaling governor to "ondemand".
[[0;32m  OK  [0m] Started Permit User Sessions.
         Starting Terminate Plymouth Boot Screen...
         Starting Hold until boot process finishes up...
[[0;32m  OK  [0m] Started Terminate Plymouth Boot Screen.
[[0;32m  OK  [0m] Started Hold until boot process finishes up.
         Starting Set console scheme...
[[0;32m  OK  [0m] Started Serial Getty on ttyS0.
[[0;32m  OK  [0m] Started Getty on tty1.
[[0;32m  OK  [0m] Reached target Login Prompts.
[[0;32m  OK  [0m] Started System Logging Service.
[[0;32m  OK  [0m] Started Set console scheme.
[[0;32m  OK  [0m] Started LSB: automatic crash report generation.
[[0;32m  OK  [0m] Started LSB: daemon to balance interrupts for SMP systems.
[   33.420910] cloud-init[1218]: Generating locales (this might take a while)...
         Starting Authenticate and Authorize Users to Run Privileged Tasks...
[[0;32m  OK  [0m] Started LSB: VirtualBox Linux Additions.
[[0;32m  OK  [0m] Started Authenticate and Authorize Users to Run Privileged Tasks.
[[0;32m  OK  [0m] Started Accounts Service.
[[0;32m  OK  [0m] Started LXD - container startup/shutdown.
[   36.029197] cloud-init[1218]:   en_US.UTF-8... done
[   36.037997] cloud-init[1218]: Generation complete.
[[0;32m  OK  [0m] Started Pollinate to seed the pseudo random number generator.
         Starting OpenBSD Secure Shell server...
[[0;32m  OK  [0m] Started OpenBSD Secure Shell server.
[[0;32m  OK  [0m] Reached target Multi-User System.
[[0;32m  OK  [0m] Reached target Graphical Interface.
         Starting Update UTMP about System Runlevel Changes...
[[0;32m  OK  [0m] Started Update UTMP about System Runlevel Changes.
         Stopping OpenBSD Secure Shell server...
[[0;32m  OK  [0m] Stopped OpenBSD Secure Shell server.
         Starting OpenBSD Secure Shell server...
[[0;32m  OK  [0m] Started OpenBSD Secure Shell server.
[[0;32m  OK  [0m] Created slice User Slice of ubuntu.
         Starting User Manager for UID 1000...
[[0;32m  OK  [0m] Started Session 1 of user ubuntu.

Ubuntu 16.04.1 LTS ubuntu-xenial ttyS0

ubuntu-xenial login: [   39.740483] cloud-init[1218]: Cloud-init v. 0.7.8 running 'modules:config' at Wed, 11 Jan 2017 05:52:57 +0000. Up 31.85 seconds.
ci-info: no authorized ssh keys fingerprints found for user ubuntu.
<14>Jan 11 05:53:06 ec2: 
<14>Jan 11 05:53:06 ec2: #############################################################
<14>Jan 11 05:53:06 ec2: -----BEGIN SSH HOST KEY FINGERPRINTS-----
<14>Jan 11 05:53:06 ec2: 1024 SHA256:4cxBcP8sr/vWPZUhcFeuzOVFVenKu6aXqzePMEzyqIg root@ubuntu-xenial (DSA)
<14>Jan 11 05:53:06 ec2: 256 SHA256:ZSfXvTOFiqRGvIM2cQ0NWwdQIV/5c8DmQfr7vaa8+mI root@ubuntu-xenial (ECDSA)
<14>Jan 11 05:53:06 ec2: 256 SHA256:vdFAaxAaeE3hIU/fGlujE4UhPlmgGfJbnElA7/CH7WI root@ubuntu-xenial (ED25519)
<14>Jan 11 05:53:06 ec2: 2048 SHA256:J1ysXlAPqgYD7SCDSXm7hGJjvK+gj8MtI0tRhG5DBUM root@ubuntu-xenial (RSA)
<14>Jan 11 05:53:06 ec2: -----END SSH HOST KEY FINGERPRINTS-----
<14>Jan 11 05:53:06 ec2: #############################################################
-----BEGIN SSH HOST KEY KEYS-----
ecdsa-sha2-nistp256 AAAAE2VjZHNhLXNoYTItbmlzdHAyNTYAAAAIbmlzdHAyNTYAAABBBFH/ZncUjd11y+TB7Cnq1bH5qd1E6UP68Y/Fi52770gWpyXKedorRHcwhhoCQ7eKAsVWIIWSfr+0/jt2cqd+dck= root@ubuntu-xenial
ssh-ed25519 AAAAC3NzaC1lZDI1NTE5AAAAIIAfjkUdh5x1jNOBdOQuWpejTeYFu4xTM3VVxZLoS47F root@ubuntu-xenial
ssh-rsa AAAAB3NzaC1yc2EAAAADAQABAAABAQCXrpNbT/cd85lJXRPz8XnqpTUKCoBWABHY0czMdJRB0rQ7JyPVAonithmgZRWG2dYqJSVivqLbgXczBkQpxGAy+rZ7garUq6qPN5WK/lZvtSZoBI66gmoh3jcHmJzjYVJzBc5W9qq0SFAD9vxoo/h95m32ANjh1jaaH1L02A3zpeDrNsGiQoOBL7wKPZHkjvd3vid53K4a/KrDMNvEvSn/MbtPdiw86/HSYQjEPbJwdJFhmPqgB9Cu0ASVXTVT1hHg6+amv3d9IJveOqJikXnDRaigWrjYCQV8jaPYH/n+63fu0H+1bS7xac02qYxV/l/gAsEQIcCVi2eRSRK9L9X7 root@ubuntu-xenial
-----END SSH HOST KEY KEYS-----
[   40.824686] cloud-init[1522]: Cloud-init v. 0.7.8 running 'modules:final' at Wed, 11 Jan 2017 05:53:05 +0000. Up 40.29 seconds.
[   40.825018] cloud-init[1522]: ci-info: no authorized ssh keys fingerprints found for user ubuntu.
[   40.825267] cloud-init[1522]: Cloud-init v. 0.7.8 finished at Wed, 11 Jan 2017 05:53:06 +0000. Datasource DataSourceNoCloud [seed=/dev/sdb][dsmode=net].  Up 40.80 seconds
